#
# There is insufficient memory for the Java Runtime Environment to continue.
# Native memory allocation (mmap) failed to map 232783872 bytes for Failed to commit area from 0x0000000096800000 to 0x00000000a4600000 of length 232783872.
# Possible reasons:
#   The system is out of physical RAM or swap space
#   The process is running with CompressedOops enabled, and the Java Heap may be blocking the growth of the native heap
# Possible solutions:
#   Reduce memory load on the system
#   Increase physical memory or swap space
#   Check if swap backing store is full
#   Decrease Java heap size (-Xmx/-Xms)
#   Decrease number of Java threads
#   Decrease Java thread stack sizes (-Xss)
#   Set larger code cache with -XX:ReservedCodeCacheSize=
#   JVM is running with Unscaled Compressed Oops mode in which the Java heap is
#     placed in the first 4GB address space. The Java Heap base address is the
#     maximum limit for the native heap growth. Please use -XX:HeapBaseMinAddress
#     to set the Java Heap base and to place the Java Heap above 4GB virtual address.
# This output file may be truncated or incomplete.
#
#  Out of Memory Error (src/hotspot/os/windows/os_windows.cpp:3627), pid=4680, tid=240
#
# JRE version: OpenJDK Runtime Environment (11.0.15) (build 11.0.15+0-b2043.56-9505619)
# Java VM: OpenJDK 64-Bit Server VM (11.0.15+0-b2043.56-9505619, mixed mode, tiered, compressed oops, g1 gc, windows-amd64)
# No core dump will be written. Minidumps are not enabled by default on client versions of Windows
#

---------------  S U M M A R Y ------------

Command Line: --add-opens=java.base/java.util=ALL-UNNAMED --add-opens=java.base/java.lang=ALL-UNNAMED --add-opens=java.base/java.lang.invoke=ALL-UNNAMED --add-opens=java.base/java.util=ALL-UNNAMED --add-opens=java.prefs/java.util.prefs=ALL-UNNAMED --add-opens=java.prefs/java.util.prefs=ALL-UNNAMED --add-opens=java.base/java.nio.charset=ALL-UNNAMED --add-opens=java.base/java.net=ALL-UNNAMED --add-opens=java.base/java.util.concurrent.atomic=ALL-UNNAMED -Xmx2048m -Dfile.encoding=UTF-8 -Duser.country=US -Duser.language=en -Duser.variant org.gradle.launcher.daemon.bootstrap.GradleDaemon 7.5

Host: Intel(R) Core(TM) i5-2450M CPU @ 2.50GHz, 4 cores, 7G,  Windows 10 , 64 bit Build 17763 (10.0.17763.4252)
Time: Wed May 10 17:29:45 2023 FLE Daylight Time elapsed time: 182.347600 seconds (0d 0h 3m 2s)

---------------  T H R E A D  ---------------

Current thread (0x00000253a1774800):  VMThread "VM Thread" [stack: 0x000000c6b8f00000,0x000000c6b9000000] [id=240]

Stack: [0x000000c6b8f00000,0x000000c6b9000000]
[error occurred during error reporting (printing stack bounds), id 0xc0000005, EXCEPTION_ACCESS_VIOLATION (0xc0000005) at pc=0x000002538ae1112d]

Native frames: (J=compiled Java code, j=interpreted, Vv=VM code, C=native code)
V  [jvm.dll+0x64135a]
V  [jvm.dll+0x7d39f9]
V  [jvm.dll+0x7d51b9]
V  [jvm.dll+0x7d5805]
V  [jvm.dll+0x7d57bb]
V  [jvm.dll+0x640655]
V  [jvm.dll+0x640d68]
C  [ntdll.dll+0xa509f]
C  [ntdll.dll+0x4cef]
C  [ntdll.dll+0xa3e0e]
C  0x000002538ae1112d

VM_Operation (0x000000c6beefdc70): G1CollectForAllocation, mode: safepoint, requested by thread 0x00000253b0bd0000


---------------  P R O C E S S  ---------------

Threads class SMR info:
_java_thread_list=0x00000253a7ec14a0, length=94, elements={
0x00000253872f5800, 0x00000253a0f30000, 0x00000253a0f3b800, 0x00000253a17bf800,
0x00000253a17c0800, 0x00000253a17c2800, 0x00000253a17c4800, 0x00000253a17d6000,
0x00000253a17db000, 0x00000253a1924000, 0x00000253a3690800, 0x00000253a3f84800,
0x00000253a44eb800, 0x00000253a3e65800, 0x00000253a339a800, 0x00000253a4350800,
0x00000253a329c800, 0x00000253a1e4c800, 0x00000253a3255000, 0x00000253a18af800,
0x00000253a18b0800, 0x00000253a18b1000, 0x00000253a18b3000, 0x00000253a18b2000,
0x00000253a18ae000, 0x00000253a18ad000, 0x00000253a18b3800, 0x00000253a18ae800,
0x00000253a1eca000, 0x00000253a1ecc800, 0x00000253a1ec8800, 0x00000253a1ecb000,
0x00000253a1ecd800, 0x00000253a1ec7800, 0x00000253a1ece000, 0x00000253a1ec9800,
0x00000253a1ed2800, 0x00000253a1ed5000, 0x00000253a1ed1800, 0x00000253a1ed0000,
0x00000253a1ecf000, 0x00000253a1ed3000, 0x00000253a1ed4000, 0x00000253a1ed5800,
0x00000253a1ed6800, 0x00000253a1ed0800, 0x00000253a303f800, 0x00000253a3040800,
0x00000253a3041800, 0x00000253a303f000, 0x00000253a3044000, 0x00000253a3042000,
0x00000253a3043000, 0x00000253a3048000, 0x00000253a3044800, 0x00000253a3048800,
0x00000253a304a800, 0x00000253a304b000, 0x00000253a3045800, 0x00000253a304c000,
0x00000253a3046800, 0x00000253a3047000, 0x00000253a304d000, 0x00000253a3049800,
0x00000253a304d800, 0x00000253a30cb000, 0x00000253a30cc800, 0x00000253a30c7800,
0x00000253a30cd800, 0x00000253a30ce000, 0x00000253a30ca000, 0x00000253a30c8800,
0x00000253a30cf000, 0x00000253a30c9000, 0x00000253a30d0000, 0x00000253a30d0800,
0x00000253a30d1800, 0x00000253a30cb800, 0x00000253a30d2000, 0x00000253a30d5800,
0x00000253a30d4000, 0x00000253a30d3000, 0x00000253a30d4800, 0x00000253a30d6800,
0x00000253a84de800, 0x00000253a84dc000, 0x00000253a84e1000, 0x00000253a84dc800,
0x00000253a84e1800, 0x00000253a84e2800, 0x00000253b0bd4000, 0x00000253b0bd2800,
0x00000253b0bd0000, 0x00000253b0bce800
}

Java Threads: ( => current thread )
  0x00000253872f5800 JavaThread "main" [_thread_blocked, id=6456, stack(0x000000c6b8900000,0x000000c6b8a00000)]
  0x00000253a0f30000 JavaThread "Reference Handler" daemon [_thread_blocked, id=5372, stack(0x000000c6b9000000,0x000000c6b9100000)]
  0x00000253a0f3b800 JavaThread "Finalizer" daemon [_thread_blocked, id=2464, stack(0x000000c6b9100000,0x000000c6b9200000)]
  0x00000253a17bf800 JavaThread "Signal Dispatcher" daemon [_thread_blocked, id=7124, stack(0x000000c6b9200000,0x000000c6b9300000)]
  0x00000253a17c0800 JavaThread "Attach Listener" daemon [_thread_blocked, id=6212, stack(0x000000c6b9300000,0x000000c6b9400000)]
  0x00000253a17c2800 JavaThread "Service Thread" daemon [_thread_blocked, id=5124, stack(0x000000c6b9400000,0x000000c6b9500000)]
  0x00000253a17c4800 JavaThread "C2 CompilerThread0" daemon [_thread_blocked, id=5868, stack(0x000000c6b9500000,0x000000c6b9600000)]
  0x00000253a17d6000 JavaThread "C1 CompilerThread0" daemon [_thread_blocked, id=6276, stack(0x000000c6b9600000,0x000000c6b9700000)]
  0x00000253a17db000 JavaThread "Sweeper thread" daemon [_thread_blocked, id=1748, stack(0x000000c6b9700000,0x000000c6b9800000)]
  0x00000253a1924000 JavaThread "Common-Cleaner" daemon [_thread_blocked, id=6380, stack(0x000000c6b9800000,0x000000c6b9900000)]
  0x00000253a3690800 JavaThread "Daemon health stats" [_thread_blocked, id=4688, stack(0x000000c6b9c00000,0x000000c6b9d00000)]
  0x00000253a3f84800 JavaThread "Incoming local TCP Connector on port 56690" [_thread_in_native, id=7024, stack(0x000000c6b9d00000,0x000000c6b9e00000)]
  0x00000253a44eb800 JavaThread "Daemon periodic checks" [_thread_blocked, id=2784, stack(0x000000c6b9e00000,0x000000c6b9f00000)]
  0x00000253a3e65800 JavaThread "Daemon" [_thread_blocked, id=7052, stack(0x000000c6b9f00000,0x000000c6ba000000)]
  0x00000253a339a800 JavaThread "Handler for socket connection from /127.0.0.1:56690 to /127.0.0.1:56691" [_thread_in_native, id=3560, stack(0x000000c6ba000000,0x000000c6ba100000)]
  0x00000253a4350800 JavaThread "Cancel handler" [_thread_blocked, id=3124, stack(0x000000c6ba100000,0x000000c6ba200000)]
  0x00000253a329c800 JavaThread "Daemon worker" [_thread_blocked, id=1572, stack(0x000000c6ba200000,0x000000c6ba300000)]
  0x00000253a1e4c800 JavaThread "Asynchronous log dispatcher for DefaultDaemonConnection: socket connection from /127.0.0.1:56690 to /127.0.0.1:56691" [_thread_blocked, id=6136, stack(0x000000c6ba300000,0x000000c6ba400000)]
  0x00000253a3255000 JavaThread "Daemon client event forwarder" [_thread_blocked, id=4864, stack(0x000000c6ba500000,0x000000c6ba600000)]
  0x00000253a18af800 JavaThread "Cache worker for journal cache (C:\Users\Admin\.gradle\caches\journal-1)" [_thread_blocked, id=6652, stack(0x000000c6ba800000,0x000000c6ba900000)]
  0x00000253a18b0800 JavaThread "File lock request listener" [_thread_in_native, id=6924, stack(0x000000c6ba900000,0x000000c6baa00000)]
  0x00000253a18b1000 JavaThread "Cache worker for file hash cache (C:\Users\Admin\.gradle\caches\7.5\fileHashes)" [_thread_blocked, id=6904, stack(0x000000c6baa00000,0x000000c6bab00000)]
  0x00000253a18b3000 JavaThread "File watcher server" daemon [_thread_blocked, id=3208, stack(0x000000c6bab00000,0x000000c6bac00000)]
  0x00000253a18b2000 JavaThread "File watcher consumer" daemon [_thread_blocked, id=4972, stack(0x000000c6bac00000,0x000000c6bad00000)]
  0x00000253a18ae000 JavaThread "Cache worker for checksums cache (C:\Users\Admin\AndroidStudioProjects\MyApp\.gradle\7.5\checksums)" [_thread_blocked, id=3848, stack(0x000000c6bad00000,0x000000c6bae00000)]
  0x00000253a18ad000 JavaThread "Cache worker for cache directory md-rule (C:\Users\Admin\.gradle\caches\7.5\md-rule)" [_thread_blocked, id=4488, stack(0x000000c6bae00000,0x000000c6baf00000)]
  0x00000253a18b3800 JavaThread "Cache worker for file content cache (C:\Users\Admin\.gradle\caches\7.5\fileContent)" [_thread_blocked, id=7096, stack(0x000000c6baf00000,0x000000c6bb000000)]
  0x00000253a18ae800 JavaThread "Cache worker for file hash cache (C:\Users\Admin\AndroidStudioProjects\MyApp\.gradle\7.5\fileHashes)" [_thread_blocked, id=5248, stack(0x000000c6bb000000,0x000000c6bb100000)]
  0x00000253a1eca000 JavaThread "Cache worker for cache directory md-supplier (C:\Users\Admin\.gradle\caches\7.5\md-supplier)" [_thread_blocked, id=5008, stack(0x000000c6bb100000,0x000000c6bb200000)]
  0x00000253a1ecc800 JavaThread "Cache worker for execution history cache (C:\Users\Admin\.gradle\caches\7.5\executionHistory)" [_thread_blocked, id=5996, stack(0x000000c6bb200000,0x000000c6bb300000)]
  0x00000253a1ec8800 JavaThread "jar transforms" [_thread_blocked, id=5648, stack(0x000000c6bb300000,0x000000c6bb400000)]
  0x00000253a1ecb000 JavaThread "jar transforms Thread 2" [_thread_blocked, id=6888, stack(0x000000c6bb400000,0x000000c6bb500000)]
  0x00000253a1ecd800 JavaThread "jar transforms Thread 3" [_thread_blocked, id=2952, stack(0x000000c6bb500000,0x000000c6bb600000)]
  0x00000253a1ec7800 JavaThread "jar transforms Thread 4" [_thread_blocked, id=7136, stack(0x000000c6bb600000,0x000000c6bb700000)]
  0x00000253a1ece000 JavaThread "Cache worker for dependencies-accessors (C:\Users\Admin\AndroidStudioProjects\MyApp\.gradle\7.5\dependencies-accessors)" [_thread_blocked, id=6636, stack(0x000000c6bb700000,0x000000c6bb800000)]
  0x00000253a1ec9800 JavaThread "Cache worker for Build Output Cleanup Cache (C:\Users\Admin\AndroidStudioProjects\MyApp\.gradle\buildOutputCleanup)" [_thread_blocked, id=4380, stack(0x000000c6bb800000,0x000000c6bb900000)]
  0x00000253a1ed2800 JavaThread "Unconstrained build operations" [_thread_blocked, id=3872, stack(0x000000c6bb900000,0x000000c6bba00000)]
  0x00000253a1ed5000 JavaThread "Unconstrained build operations Thread 2" [_thread_blocked, id=1284, stack(0x000000c6bba00000,0x000000c6bbb00000)]
  0x00000253a1ed1800 JavaThread "Unconstrained build operations Thread 3" [_thread_blocked, id=6076, stack(0x000000c6bbb00000,0x000000c6bbc00000)]
  0x00000253a1ed0000 JavaThread "Unconstrained build operations Thread 4" [_thread_blocked, id=3444, stack(0x000000c6bbc00000,0x000000c6bbd00000)]
  0x00000253a1ecf000 JavaThread "Unconstrained build operations Thread 5" [_thread_blocked, id=1608, stack(0x000000c6bbd00000,0x000000c6bbe00000)]
  0x00000253a1ed3000 JavaThread "Unconstrained build operations Thread 6" [_thread_blocked, id=6728, stack(0x000000c6bbe00000,0x000000c6bbf00000)]
  0x00000253a1ed4000 JavaThread "Unconstrained build operations Thread 7" [_thread_blocked, id=6708, stack(0x000000c6bbf00000,0x000000c6bc000000)]
  0x00000253a1ed5800 JavaThread "Unconstrained build operations Thread 8" [_thread_blocked, id=2468, stack(0x000000c6bc000000,0x000000c6bc100000)]
  0x00000253a1ed6800 JavaThread "Unconstrained build operations Thread 9" [_thread_blocked, id=5304, stack(0x000000c6bc100000,0x000000c6bc200000)]
  0x00000253a1ed0800 JavaThread "Unconstrained build operations Thread 10" [_thread_blocked, id=3108, stack(0x000000c6bc200000,0x000000c6bc300000)]
  0x00000253a303f800 JavaThread "Unconstrained build operations Thread 11" [_thread_blocked, id=5168, stack(0x000000c6bc300000,0x000000c6bc400000)]
  0x00000253a3040800 JavaThread "Unconstrained build operations Thread 12" [_thread_blocked, id=6332, stack(0x000000c6bc400000,0x000000c6bc500000)]
  0x00000253a3041800 JavaThread "Unconstrained build operations Thread 13" [_thread_blocked, id=5604, stack(0x000000c6bc500000,0x000000c6bc600000)]
  0x00000253a303f000 JavaThread "Unconstrained build operations Thread 14" [_thread_blocked, id=5160, stack(0x000000c6bc600000,0x000000c6bc700000)]
  0x00000253a3044000 JavaThread "Unconstrained build operations Thread 15" [_thread_blocked, id=5496, stack(0x000000c6bc700000,0x000000c6bc800000)]
  0x00000253a3042000 JavaThread "Unconstrained build operations Thread 16" [_thread_blocked, id=6220, stack(0x000000c6bc800000,0x000000c6bc900000)]
  0x00000253a3043000 JavaThread "Unconstrained build operations Thread 17" [_thread_blocked, id=3040, stack(0x000000c6bc900000,0x000000c6bca00000)]
  0x00000253a3048000 JavaThread "Unconstrained build operations Thread 18" [_thread_blocked, id=6944, stack(0x000000c6bca00000,0x000000c6bcb00000)]
  0x00000253a3044800 JavaThread "Unconstrained build operations Thread 19" [_thread_blocked, id=6936, stack(0x000000c6bcb00000,0x000000c6bcc00000)]
  0x00000253a3048800 JavaThread "Unconstrained build operations Thread 20" [_thread_blocked, id=3996, stack(0x000000c6bcc00000,0x000000c6bcd00000)]
  0x00000253a304a800 JavaThread "Unconstrained build operations Thread 21" [_thread_blocked, id=1400, stack(0x000000c6bcd00000,0x000000c6bce00000)]
  0x00000253a304b000 JavaThread "Unconstrained build operations Thread 22" [_thread_blocked, id=6112, stack(0x000000c6bce00000,0x000000c6bcf00000)]
  0x00000253a3045800 JavaThread "Unconstrained build operations Thread 23" [_thread_blocked, id=6948, stack(0x000000c6bcf00000,0x000000c6bd000000)]
  0x00000253a304c000 JavaThread "Unconstrained build operations Thread 24" [_thread_blocked, id=3152, stack(0x000000c6bd000000,0x000000c6bd100000)]
  0x00000253a3046800 JavaThread "Unconstrained build operations Thread 25" [_thread_blocked, id=5352, stack(0x000000c6bd100000,0x000000c6bd200000)]
  0x00000253a3047000 JavaThread "Unconstrained build operations Thread 26" [_thread_blocked, id=5644, stack(0x000000c6bd200000,0x000000c6bd300000)]
  0x00000253a304d000 JavaThread "Unconstrained build operations Thread 27" [_thread_blocked, id=3728, stack(0x000000c6bd300000,0x000000c6bd400000)]
  0x00000253a3049800 JavaThread "Unconstrained build operations Thread 28" [_thread_blocked, id=3144, stack(0x000000c6bd400000,0x000000c6bd500000)]
  0x00000253a304d800 JavaThread "Unconstrained build operations Thread 29" [_thread_blocked, id=5468, stack(0x000000c6bd500000,0x000000c6bd600000)]
  0x00000253a30cb000 JavaThread "Unconstrained build operations Thread 30" [_thread_blocked, id=7008, stack(0x000000c6bd600000,0x000000c6bd700000)]
  0x00000253a30cc800 JavaThread "Unconstrained build operations Thread 31" [_thread_blocked, id=4812, stack(0x000000c6bd700000,0x000000c6bd800000)]
  0x00000253a30c7800 JavaThread "Unconstrained build operations Thread 32" [_thread_blocked, id=6792, stack(0x000000c6bd800000,0x000000c6bd900000)]
  0x00000253a30cd800 JavaThread "Unconstrained build operations Thread 33" [_thread_blocked, id=4764, stack(0x000000c6bd900000,0x000000c6bda00000)]
  0x00000253a30ce000 JavaThread "Unconstrained build operations Thread 34" [_thread_blocked, id=6884, stack(0x000000c6bda00000,0x000000c6bdb00000)]
  0x00000253a30ca000 JavaThread "Unconstrained build operations Thread 35" [_thread_blocked, id=4728, stack(0x000000c6bdb00000,0x000000c6bdc00000)]
  0x00000253a30c8800 JavaThread "Unconstrained build operations Thread 36" [_thread_blocked, id=5668, stack(0x000000c6bdc00000,0x000000c6bdd00000)]
  0x00000253a30cf000 JavaThread "Unconstrained build operations Thread 37" [_thread_blocked, id=5416, stack(0x000000c6bdd00000,0x000000c6bde00000)]
  0x00000253a30c9000 JavaThread "Unconstrained build operations Thread 38" [_thread_blocked, id=7108, stack(0x000000c6bde00000,0x000000c6bdf00000)]
  0x00000253a30d0000 JavaThread "Unconstrained build operations Thread 39" [_thread_blocked, id=6280, stack(0x000000c6bdf00000,0x000000c6be000000)]
  0x00000253a30d0800 JavaThread "Unconstrained build operations Thread 40" [_thread_blocked, id=6336, stack(0x000000c6be000000,0x000000c6be100000)]
  0x00000253a30d1800 JavaThread "build event listener" [_thread_blocked, id=6284, stack(0x000000c6be100000,0x000000c6be200000)]
  0x00000253a30cb800 JavaThread "Memory manager" [_thread_blocked, id=1172, stack(0x000000c6be400000,0x000000c6be500000)]
  0x00000253a30d2000 JavaThread "included builds" [_thread_blocked, id=6420, stack(0x000000c6be500000,0x000000c6be600000)]
  0x00000253a30d5800 JavaThread "Execution worker" [_thread_blocked, id=4296, stack(0x000000c6be600000,0x000000c6be700000)]
  0x00000253a30d4000 JavaThread "Execution worker Thread 2" [_thread_blocked, id=5896, stack(0x000000c6be700000,0x000000c6be800000)]
  0x00000253a30d3000 JavaThread "Execution worker Thread 3" [_thread_blocked, id=5700, stack(0x000000c6be800000,0x000000c6be900000)]
  0x00000253a30d4800 JavaThread "Cache worker for execution history cache (C:\Users\Admin\AndroidStudioProjects\MyApp\.gradle\7.5\executionHistory)" [_thread_blocked, id=5576, stack(0x000000c6be900000,0x000000c6bea00000)]
  0x00000253a30d6800 JavaThread "WorkerExecutor Queue" [_thread_blocked, id=4428, stack(0x000000c6b8600000,0x000000c6b8700000)]
  0x00000253a84de800 JavaThread "WorkerExecutor Queue Thread 4" [_thread_blocked, id=5108, stack(0x000000c6ba400000,0x000000c6ba500000)]
  0x00000253a84dc000 JavaThread "WorkerExecutor Queue Thread 5" [_thread_blocked, id=1836, stack(0x000000c6beb00000,0x000000c6bec00000)]
  0x00000253a84e1000 JavaThread "WorkerExecutor Queue Thread 6" [_thread_blocked, id=6892, stack(0x000000c6b8700000,0x000000c6b8800000)]
  0x00000253a84dc800 JavaThread "pool-3-thread-1" [_thread_blocked, id=6384, stack(0x000000c6b8800000,0x000000c6b8900000)]
  0x00000253a84e1800 JavaThread "stderr" [_thread_in_native, id=1332, stack(0x000000c6be200000,0x000000c6be300000)]
  0x00000253a84e2800 JavaThread "stdout" [_thread_in_native, id=5320, stack(0x000000c6bea00000,0x000000c6beb00000)]
  0x00000253b0bd4000 JavaThread "ForkJoinPool-1-worker-3" daemon [_thread_blocked, id=4108, stack(0x000000c6bec00000,0x000000c6bed00000)]
  0x00000253b0bd2800 JavaThread "ForkJoinPool-1-worker-5" daemon [_thread_blocked, id=5860, stack(0x000000c6bed00000,0x000000c6bee00000)]
  0x00000253b0bd0000 JavaThread "ForkJoinPool-1-worker-7" daemon [_thread_blocked, id=6028, stack(0x000000c6bee00000,0x000000c6bef00000)]
  0x00000253b0bce800 JavaThread "ForkJoinPool-1-worker-1" daemon [_thread_blocked, id=3680, stack(0x000000c6bef00000,0x000000c6bf000000)]

Other Threads:
=>0x00000253a1774800 VMThread "VM Thread" [stack: 0x000000c6b8f00000,0x000000c6b9000000] [id=240]
  0x00000253a1952800 WatcherThread [stack: 0x000000c6b9900000,0x000000c6b9a00000] [id=4252]
  0x000002538730e800 GCTaskThread "GC Thread#0" [stack: 0x000000c6b8a00000,0x000000c6b8b00000] [id=6800]
  0x00000253a22bc000 GCTaskThread "GC Thread#1" [stack: 0x000000c6b9a00000,0x000000c6b9b00000] [id=6920]
  0x00000253a1cf8800 GCTaskThread "GC Thread#2" [stack: 0x000000c6b9b00000,0x000000c6b9c00000] [id=2516]
  0x00000253a39d6800 GCTaskThread "GC Thread#3" [stack: 0x000000c6ba600000,0x000000c6ba700000] [id=5568]
  0x0000025387340000 ConcurrentGCThread "G1 Main Marker" [stack: 0x000000c6b8b00000,0x000000c6b8c00000] [id=5828]
  0x0000025387341000 ConcurrentGCThread "G1 Conc#0" [stack: 0x000000c6b8c00000,0x000000c6b8d00000] [id=4940]
  0x00000253873be800 ConcurrentGCThread "G1 Refine#0" [stack: 0x000000c6b8d00000,0x000000c6b8e00000] [id=5528]
  0x00000253a1da5800 ConcurrentGCThread "G1 Refine#1" [stack: 0x000000c6ba700000,0x000000c6ba800000] [id=5652]
  0x00000253a0da1800 ConcurrentGCThread "G1 Young RemSet Sampling" [stack: 0x000000c6b8e00000,0x000000c6b8f00000] [id=6932]

Threads with active compile tasks:
C2 CompilerThread0   183267 23314       4       com.android.tools.r8.naming.F$b::a (88 bytes)

VM state:at safepoint (normal execution)

VM Mutex/Monitor currently owned by a thread:  ([mutex/lock_event])
[0x00000253872f2930] Threads_lock - owner thread: 0x00000253a1774800
[0x00000253872f2780] Heap_lock - owner thread: 0x00000253b0bd0000

Heap address: 0x0000000080000000, size: 2048 MB, Compressed Oops mode: 32-bit
Narrow klass base: 0x0000000000000000, Narrow klass shift: 3
Compressed class space size: 1073741824 Address: 0x0000000100000000

Heap:
 garbage-first heap   total 595968K, used 302598K [0x0000000080000000, 0x0000000100000000)
  region size 1024K, 4 young (4096K), 4 survivors (4096K)
 Metaspace       used 128213K, capacity 131897K, committed 133200K, reserved 1165312K
  class space    used 16054K, capacity 17513K, committed 18124K, reserved 1048576K
Heap Regions: E=young(eden), S=young(survivor), O=old, HS=humongous(starts), HC=humongous(continues), CS=collection set, F=free, A=archive, TAMS=top-at-mark-start (previous, next)
|   0|0x0000000080000000, 0x0000000080100000, 0x0000000080100000|100%|HS|  |TAMS 0x0000000080100000, 0x0000000080000000| Complete 
|   1|0x0000000080100000, 0x0000000080200000, 0x0000000080200000|100%|HC|  |TAMS 0x0000000080200000, 0x0000000080100000| Complete 
|   2|0x0000000080200000, 0x0000000080300000, 0x0000000080300000|100%|HC|  |TAMS 0x0000000080300000, 0x0000000080200000| Complete 
|   3|0x0000000080300000, 0x0000000080400000, 0x0000000080400000|100%| O|  |TAMS 0x0000000080400000, 0x0000000080300000| Updating 
|   4|0x0000000080400000, 0x0000000080500000, 0x0000000080500000|100%| O|  |TAMS 0x0000000080500000, 0x0000000080400000| Updating 
|   5|0x0000000080500000, 0x0000000080600000, 0x0000000080600000|100%| O|  |TAMS 0x0000000080600000, 0x0000000080500000| Updating 
|   6|0x0000000080600000, 0x0000000080700000, 0x0000000080700000|100%| O|  |TAMS 0x0000000080700000, 0x0000000080600000| Updating 
|   7|0x0000000080700000, 0x0000000080800000, 0x0000000080800000|100%| O|  |TAMS 0x0000000080800000, 0x0000000080700000| Updating 
|   8|0x0000000080800000, 0x0000000080900000, 0x0000000080900000|100%| O|  |TAMS 0x0000000080900000, 0x0000000080800000| Updating 
|   9|0x0000000080900000, 0x0000000080a00000, 0x0000000080a00000|100%| O|  |TAMS 0x0000000080a00000, 0x0000000080900000| Updating 
|  10|0x0000000080a00000, 0x0000000080b00000, 0x0000000080b00000|100%| O|  |TAMS 0x0000000080b00000, 0x0000000080a00000| Updating 
|  11|0x0000000080b00000, 0x0000000080c00000, 0x0000000080c00000|100%| O|  |TAMS 0x0000000080c00000, 0x0000000080b00000| Updating 
|  12|0x0000000080c00000, 0x0000000080d00000, 0x0000000080d00000|100%| O|  |TAMS 0x0000000080d00000, 0x0000000080c00000| Updating 
|  13|0x0000000080d00000, 0x0000000080e00000, 0x0000000080e00000|100%| O|  |TAMS 0x0000000080e00000, 0x0000000080d00000| Updating 
|  14|0x0000000080e00000, 0x0000000080f00000, 0x0000000080f00000|100%| O|  |TAMS 0x0000000080f00000, 0x0000000080e00000| Updating 
|  15|0x0000000080f00000, 0x0000000081000000, 0x0000000081000000|100%| O|  |TAMS 0x0000000081000000, 0x0000000080f00000| Updating 
|  16|0x0000000081000000, 0x0000000081100000, 0x0000000081100000|100%|HS|  |TAMS 0x0000000081100000, 0x0000000081000000| Complete 
|  17|0x0000000081100000, 0x0000000081200000, 0x0000000081200000|100%| O|  |TAMS 0x0000000081200000, 0x0000000081100000| Updating 
|  18|0x0000000081200000, 0x0000000081300000, 0x0000000081300000|100%| O|  |TAMS 0x0000000081300000, 0x0000000081200000| Updating 
|  19|0x0000000081300000, 0x0000000081400000, 0x0000000081400000|100%| O|  |TAMS 0x0000000081400000, 0x0000000081300000| Updating 
|  20|0x0000000081400000, 0x0000000081500000, 0x0000000081500000|100%| O|  |TAMS 0x0000000081500000, 0x0000000081400000| Updating 
|  21|0x0000000081500000, 0x0000000081600000, 0x0000000081600000|100%| O|  |TAMS 0x0000000081600000, 0x0000000081500000| Updating 
|  22|0x0000000081600000, 0x0000000081700000, 0x0000000081700000|100%| O|  |TAMS 0x0000000081700000, 0x0000000081600000| Updating 
|  23|0x0000000081700000, 0x0000000081800000, 0x0000000081800000|100%| O|  |TAMS 0x0000000081800000, 0x0000000081700000| Updating 
|  24|0x0000000081800000, 0x0000000081900000, 0x0000000081900000|100%| O|  |TAMS 0x0000000081900000, 0x0000000081800000| Updating 
|  25|0x0000000081900000, 0x0000000081a00000, 0x0000000081a00000|100%| O|  |TAMS 0x0000000081a00000, 0x0000000081900000| Updating 
|  26|0x0000000081a00000, 0x0000000081b00000, 0x0000000081b00000|100%| O|  |TAMS 0x0000000081b00000, 0x0000000081a00000| Updating 
|  27|0x0000000081b00000, 0x0000000081c00000, 0x0000000081c00000|100%| O|  |TAMS 0x0000000081c00000, 0x0000000081b00000| Updating 
|  28|0x0000000081c00000, 0x0000000081d00000, 0x0000000081d00000|100%| O|  |TAMS 0x0000000081d00000, 0x0000000081c00000| Updating 
|  29|0x0000000081d00000, 0x0000000081e00000, 0x0000000081e00000|100%|HS|  |TAMS 0x0000000081e00000, 0x0000000081d00000| Complete 
|  30|0x0000000081e00000, 0x0000000081f00000, 0x0000000081f00000|100%|HC|  |TAMS 0x0000000081f00000, 0x0000000081e00000| Complete 
|  31|0x0000000081f00000, 0x0000000082000000, 0x0000000082000000|100%|HS|  |TAMS 0x0000000082000000, 0x0000000081f00000| Complete 
|  32|0x0000000082000000, 0x0000000082100000, 0x0000000082100000|100%|HS|  |TAMS 0x0000000082100000, 0x0000000082000000| Complete 
|  33|0x0000000082100000, 0x0000000082200000, 0x0000000082200000|100%|HC|  |TAMS 0x0000000082200000, 0x0000000082100000| Complete 
|  34|0x0000000082200000, 0x0000000082300000, 0x0000000082300000|100%|HC|  |TAMS 0x0000000082300000, 0x0000000082200000| Complete 
|  35|0x0000000082300000, 0x0000000082400000, 0x0000000082400000|100%|HC|  |TAMS 0x0000000082400000, 0x0000000082300000| Complete 
|  36|0x0000000082400000, 0x0000000082500000, 0x0000000082500000|100%| O|  |TAMS 0x0000000082500000, 0x0000000082400000| Updating 
|  37|0x0000000082500000, 0x0000000082600000, 0x0000000082600000|100%| O|  |TAMS 0x0000000082600000, 0x0000000082500000| Updating 
|  38|0x0000000082600000, 0x0000000082700000, 0x0000000082700000|100%| O|  |TAMS 0x0000000082700000, 0x0000000082600000| Updating 
|  39|0x0000000082700000, 0x0000000082800000, 0x0000000082800000|100%| O|  |TAMS 0x0000000082800000, 0x0000000082700000| Updating 
|  40|0x0000000082800000, 0x0000000082900000, 0x0000000082900000|100%| O|  |TAMS 0x0000000082900000, 0x0000000082800000| Updating 
|  41|0x0000000082900000, 0x0000000082a00000, 0x0000000082a00000|100%| O|  |TAMS 0x0000000082a00000, 0x0000000082900000| Updating 
|  42|0x0000000082a00000, 0x0000000082b00000, 0x0000000082b00000|100%| O|  |TAMS 0x0000000082b00000, 0x0000000082a00000| Updating 
|  43|0x0000000082b00000, 0x0000000082c00000, 0x0000000082c00000|100%| O|  |TAMS 0x0000000082c00000, 0x0000000082b00000| Updating 
|  44|0x0000000082c00000, 0x0000000082d00000, 0x0000000082d00000|100%| O|  |TAMS 0x0000000082d00000, 0x0000000082c00000| Updating 
|  45|0x0000000082d00000, 0x0000000082e00000, 0x0000000082e00000|100%| O|  |TAMS 0x0000000082e00000, 0x0000000082d00000| Updating 
|  46|0x0000000082e00000, 0x0000000082f00000, 0x0000000082f00000|100%| O|  |TAMS 0x0000000082f00000, 0x0000000082e00000| Updating 
|  47|0x0000000082f00000, 0x0000000083000000, 0x0000000083000000|100%| O|  |TAMS 0x0000000083000000, 0x0000000082f00000| Updating 
|  48|0x0000000083000000, 0x0000000083100000, 0x0000000083100000|100%| O|  |TAMS 0x0000000083100000, 0x0000000083000000| Updating 
|  49|0x0000000083100000, 0x0000000083200000, 0x0000000083200000|100%| O|  |TAMS 0x0000000083200000, 0x0000000083100000| Updating 
|  50|0x0000000083200000, 0x0000000083300000, 0x0000000083300000|100%| O|  |TAMS 0x0000000083300000, 0x0000000083200000| Updating 
|  51|0x0000000083300000, 0x0000000083400000, 0x0000000083400000|100%| O|  |TAMS 0x0000000083400000, 0x0000000083300000| Updating 
|  52|0x0000000083400000, 0x0000000083500000, 0x0000000083500000|100%| O|  |TAMS 0x0000000083500000, 0x0000000083400000| Updating 
|  53|0x0000000083500000, 0x0000000083600000, 0x0000000083600000|100%| O|  |TAMS 0x0000000083600000, 0x0000000083500000| Updating 
|  54|0x0000000083600000, 0x0000000083700000, 0x0000000083700000|100%| O|  |TAMS 0x0000000083700000, 0x0000000083600000| Updating 
|  55|0x0000000083700000, 0x0000000083800000, 0x0000000083800000|100%| O|  |TAMS 0x0000000083800000, 0x0000000083700000| Updating 
|  56|0x0000000083800000, 0x0000000083900000, 0x0000000083900000|100%| O|  |TAMS 0x0000000083900000, 0x0000000083800000| Updating 
|  57|0x0000000083900000, 0x0000000083a00000, 0x0000000083a00000|100%| O|  |TAMS 0x0000000083a00000, 0x0000000083900000| Updating 
|  58|0x0000000083a00000, 0x0000000083b00000, 0x0000000083b00000|100%| O|  |TAMS 0x0000000083b00000, 0x0000000083a00000| Updating 
|  59|0x0000000083b00000, 0x0000000083c00000, 0x0000000083c00000|100%| O|  |TAMS 0x0000000083c00000, 0x0000000083b00000| Updating 
|  60|0x0000000083c00000, 0x0000000083d00000, 0x0000000083d00000|100%| O|  |TAMS 0x0000000083d00000, 0x0000000083c00000| Updating 
|  61|0x0000000083d00000, 0x0000000083e00000, 0x0000000083e00000|100%| O|  |TAMS 0x0000000083e00000, 0x0000000083d00000| Updating 
|  62|0x0000000083e00000, 0x0000000083f00000, 0x0000000083f00000|100%| O|  |TAMS 0x0000000083f00000, 0x0000000083e00000| Updating 
|  63|0x0000000083f00000, 0x0000000084000000, 0x0000000084000000|100%| O|  |TAMS 0x0000000084000000, 0x0000000083f00000| Updating 
|  64|0x0000000084000000, 0x0000000084100000, 0x0000000084100000|100%| O|  |TAMS 0x0000000084100000, 0x0000000084000000| Updating 
|  65|0x0000000084100000, 0x0000000084200000, 0x0000000084200000|100%| O|  |TAMS 0x0000000084200000, 0x0000000084100000| Updating 
|  66|0x0000000084200000, 0x0000000084300000, 0x0000000084300000|100%| O|  |TAMS 0x0000000084300000, 0x0000000084200000| Updating 
|  67|0x0000000084300000, 0x0000000084400000, 0x0000000084400000|100%| O|  |TAMS 0x0000000084400000, 0x0000000084300000| Updating 
|  68|0x0000000084400000, 0x0000000084500000, 0x0000000084500000|100%| O|  |TAMS 0x0000000084500000, 0x0000000084400000| Updating 
|  69|0x0000000084500000, 0x0000000084600000, 0x0000000084600000|100%| O|  |TAMS 0x0000000084600000, 0x0000000084500000| Updating 
|  70|0x0000000084600000, 0x0000000084700000, 0x0000000084700000|100%| O|  |TAMS 0x0000000084700000, 0x0000000084600000| Updating 
|  71|0x0000000084700000, 0x0000000084800000, 0x0000000084800000|100%| O|  |TAMS 0x0000000084800000, 0x0000000084700000| Updating 
|  72|0x0000000084800000, 0x0000000084900000, 0x0000000084900000|100%| O|  |TAMS 0x0000000084900000, 0x0000000084800000| Updating 
|  73|0x0000000084900000, 0x0000000084a00000, 0x0000000084a00000|100%| O|  |TAMS 0x0000000084a00000, 0x0000000084900000| Updating 
|  74|0x0000000084a00000, 0x0000000084b00000, 0x0000000084b00000|100%| O|  |TAMS 0x0000000084b00000, 0x0000000084a00000| Updating 
|  75|0x0000000084b00000, 0x0000000084c00000, 0x0000000084c00000|100%| O|  |TAMS 0x0000000084c00000, 0x0000000084b00000| Updating 
|  76|0x0000000084c00000, 0x0000000084d00000, 0x0000000084d00000|100%| O|  |TAMS 0x0000000084d00000, 0x0000000084c00000| Updating 
|  77|0x0000000084d00000, 0x0000000084e00000, 0x0000000084e00000|100%| O|  |TAMS 0x0000000084e00000, 0x0000000084d00000| Updating 
|  78|0x0000000084e00000, 0x0000000084f00000, 0x0000000084f00000|100%| O|  |TAMS 0x0000000084f00000, 0x0000000084e00000| Updating 
|  79|0x0000000084f00000, 0x0000000085000000, 0x0000000085000000|100%| O|  |TAMS 0x0000000085000000, 0x0000000084f00000| Updating 
|  80|0x0000000085000000, 0x0000000085100000, 0x0000000085100000|100%| O|  |TAMS 0x0000000085100000, 0x0000000085000000| Updating 
|  81|0x0000000085100000, 0x0000000085200000, 0x0000000085200000|100%| O|  |TAMS 0x0000000085200000, 0x0000000085100000| Updating 
|  82|0x0000000085200000, 0x0000000085300000, 0x0000000085300000|100%| O|  |TAMS 0x0000000085300000, 0x0000000085200000| Updating 
|  83|0x0000000085300000, 0x0000000085400000, 0x0000000085400000|100%| O|  |TAMS 0x0000000085400000, 0x0000000085300000| Updating 
|  84|0x0000000085400000, 0x0000000085500000, 0x0000000085500000|100%| O|  |TAMS 0x0000000085500000, 0x0000000085400000| Updating 
|  85|0x0000000085500000, 0x0000000085600000, 0x0000000085600000|100%| O|  |TAMS 0x0000000085600000, 0x0000000085500000| Updating 
|  86|0x0000000085600000, 0x0000000085700000, 0x0000000085700000|100%| O|  |TAMS 0x0000000085700000, 0x0000000085600000| Updating 
|  87|0x0000000085700000, 0x0000000085800000, 0x0000000085800000|100%| O|  |TAMS 0x0000000085800000, 0x0000000085700000| Updating 
|  88|0x0000000085800000, 0x0000000085900000, 0x0000000085900000|100%| O|  |TAMS 0x0000000085900000, 0x0000000085800000| Updating 
|  89|0x0000000085900000, 0x0000000085a00000, 0x0000000085a00000|100%| O|  |TAMS 0x0000000085a00000, 0x0000000085900000| Updating 
|  90|0x0000000085a00000, 0x0000000085b00000, 0x0000000085b00000|100%| O|  |TAMS 0x0000000085b00000, 0x0000000085a00000| Updating 
|  91|0x0000000085b00000, 0x0000000085c00000, 0x0000000085c00000|100%| O|  |TAMS 0x0000000085c00000, 0x0000000085b00000| Updating 
|  92|0x0000000085c00000, 0x0000000085d00000, 0x0000000085d00000|100%| O|  |TAMS 0x0000000085d00000, 0x0000000085c00000| Updating 
|  93|0x0000000085d00000, 0x0000000085e00000, 0x0000000085e00000|100%| O|  |TAMS 0x0000000085e00000, 0x0000000085d00000| Updating 
|  94|0x0000000085e00000, 0x0000000085f00000, 0x0000000085f00000|100%| O|  |TAMS 0x0000000085f00000, 0x0000000085e00000| Updating 
|  95|0x0000000085f00000, 0x0000000086000000, 0x0000000086000000|100%| O|  |TAMS 0x0000000086000000, 0x0000000085f00000| Updating 
|  96|0x0000000086000000, 0x0000000086100000, 0x0000000086100000|100%| O|  |TAMS 0x0000000086100000, 0x0000000086000000| Updating 
|  97|0x0000000086100000, 0x0000000086200000, 0x0000000086200000|100%| O|  |TAMS 0x0000000086200000, 0x0000000086100000| Updating 
|  98|0x0000000086200000, 0x0000000086300000, 0x0000000086300000|100%| O|  |TAMS 0x0000000086300000, 0x0000000086200000| Updating 
|  99|0x0000000086300000, 0x0000000086400000, 0x0000000086400000|100%| O|  |TAMS 0x0000000086400000, 0x0000000086300000| Updating 
| 100|0x0000000086400000, 0x0000000086500000, 0x0000000086500000|100%| O|  |TAMS 0x0000000086500000, 0x0000000086400000| Updating 
| 101|0x0000000086500000, 0x0000000086600000, 0x0000000086600000|100%| O|  |TAMS 0x0000000086600000, 0x0000000086500000| Updating 
| 102|0x0000000086600000, 0x0000000086700000, 0x0000000086700000|100%| O|  |TAMS 0x0000000086700000, 0x0000000086600000| Updating 
| 103|0x0000000086700000, 0x0000000086800000, 0x0000000086800000|100%| O|  |TAMS 0x0000000086800000, 0x0000000086700000| Updating 
| 104|0x0000000086800000, 0x0000000086900000, 0x0000000086900000|100%| O|  |TAMS 0x0000000086900000, 0x0000000086800000| Updating 
| 105|0x0000000086900000, 0x0000000086a00000, 0x0000000086a00000|100%| O|  |TAMS 0x0000000086a00000, 0x0000000086900000| Updating 
| 106|0x0000000086a00000, 0x0000000086b00000, 0x0000000086b00000|100%| O|  |TAMS 0x0000000086b00000, 0x0000000086a00000| Updating 
| 107|0x0000000086b00000, 0x0000000086c00000, 0x0000000086c00000|100%| O|  |TAMS 0x0000000086c00000, 0x0000000086b00000| Updating 
| 108|0x0000000086c00000, 0x0000000086d00000, 0x0000000086d00000|100%| O|  |TAMS 0x0000000086d00000, 0x0000000086c00000| Updating 
| 109|0x0000000086d00000, 0x0000000086e00000, 0x0000000086e00000|100%| O|  |TAMS 0x0000000086e00000, 0x0000000086d00000| Updating 
| 110|0x0000000086e00000, 0x0000000086f00000, 0x0000000086f00000|100%| O|  |TAMS 0x0000000086f00000, 0x0000000086e00000| Updating 
| 111|0x0000000086f00000, 0x0000000087000000, 0x0000000087000000|100%| O|  |TAMS 0x0000000087000000, 0x0000000086f00000| Updating 
| 112|0x0000000087000000, 0x0000000087100000, 0x0000000087100000|100%| O|  |TAMS 0x0000000087100000, 0x0000000087000000| Updating 
| 113|0x0000000087100000, 0x0000000087200000, 0x0000000087200000|100%| O|  |TAMS 0x0000000087200000, 0x0000000087100000| Updating 
| 114|0x0000000087200000, 0x0000000087300000, 0x0000000087300000|100%| O|  |TAMS 0x0000000087300000, 0x0000000087200000| Updating 
| 115|0x0000000087300000, 0x0000000087400000, 0x0000000087400000|100%| O|  |TAMS 0x0000000087400000, 0x0000000087300000| Updating 
| 116|0x0000000087400000, 0x0000000087500000, 0x0000000087500000|100%| O|  |TAMS 0x0000000087500000, 0x0000000087400000| Updating 
| 117|0x0000000087500000, 0x0000000087600000, 0x0000000087600000|100%| O|  |TAMS 0x0000000087600000, 0x0000000087500000| Updating 
| 118|0x0000000087600000, 0x0000000087700000, 0x0000000087700000|100%| O|  |TAMS 0x0000000087700000, 0x0000000087600000| Updating 
| 119|0x0000000087700000, 0x0000000087800000, 0x0000000087800000|100%| O|  |TAMS 0x0000000087800000, 0x0000000087700000| Updating 
| 120|0x0000000087800000, 0x0000000087900000, 0x0000000087900000|100%| O|  |TAMS 0x0000000087900000, 0x0000000087800000| Updating 
| 121|0x0000000087900000, 0x0000000087a00000, 0x0000000087a00000|100%| O|  |TAMS 0x0000000087a00000, 0x0000000087900000| Updating 
| 122|0x0000000087a00000, 0x0000000087b00000, 0x0000000087b00000|100%| O|  |TAMS 0x0000000087b00000, 0x0000000087a00000| Updating 
| 123|0x0000000087b00000, 0x0000000087c00000, 0x0000000087c00000|100%| O|  |TAMS 0x0000000087c00000, 0x0000000087b00000| Updating 
| 124|0x0000000087c00000, 0x0000000087d00000, 0x0000000087d00000|100%| O|  |TAMS 0x0000000087c00000, 0x0000000087c00000| Untracked 
| 125|0x0000000087d00000, 0x0000000087e00000, 0x0000000087e00000|100%| O|  |TAMS 0x0000000087d00000, 0x0000000087d00000| Untracked 
| 126|0x0000000087e00000, 0x0000000087f00000, 0x0000000087f00000|100%| O|  |TAMS 0x0000000087f00000, 0x0000000087e00000| Updating 
| 127|0x0000000087f00000, 0x0000000088000000, 0x0000000088000000|100%| O|  |TAMS 0x0000000088000000, 0x0000000087f00000| Updating 
| 128|0x0000000088000000, 0x0000000088100000, 0x0000000088100000|100%| O|  |TAMS 0x0000000088100000, 0x0000000088000000| Updating 
| 129|0x0000000088100000, 0x0000000088200000, 0x0000000088200000|100%| O|  |TAMS 0x0000000088200000, 0x0000000088100000| Updating 
| 130|0x0000000088200000, 0x0000000088300000, 0x0000000088300000|100%| O|  |TAMS 0x0000000088300000, 0x0000000088200000| Updating 
| 131|0x0000000088300000, 0x0000000088400000, 0x0000000088400000|100%| O|  |TAMS 0x0000000088400000, 0x0000000088300000| Updating 
| 132|0x0000000088400000, 0x0000000088500000, 0x0000000088500000|100%| O|  |TAMS 0x0000000088500000, 0x0000000088400000| Updating 
| 133|0x0000000088500000, 0x0000000088600000, 0x0000000088600000|100%| O|  |TAMS 0x0000000088600000, 0x0000000088500000| Updating 
| 134|0x0000000088600000, 0x0000000088700000, 0x0000000088700000|100%| O|  |TAMS 0x0000000088600000, 0x0000000088600000| Untracked 
| 135|0x0000000088700000, 0x0000000088800000, 0x0000000088800000|100%| O|  |TAMS 0x0000000088700000, 0x0000000088700000| Untracked 
| 136|0x0000000088800000, 0x0000000088900000, 0x0000000088900000|100%| O|  |TAMS 0x0000000088800000, 0x0000000088800000| Untracked 
| 137|0x0000000088900000, 0x0000000088a00000, 0x0000000088a00000|100%| O|  |TAMS 0x0000000088900000, 0x0000000088900000| Untracked 
| 138|0x0000000088a00000, 0x0000000088b00000, 0x0000000088b00000|100%| O|  |TAMS 0x0000000088b00000, 0x0000000088a00000| Updating 
| 139|0x0000000088b00000, 0x0000000088c00000, 0x0000000088c00000|100%| O|  |TAMS 0x0000000088c00000, 0x0000000088b00000| Updating 
| 140|0x0000000088c00000, 0x0000000088d00000, 0x0000000088d00000|100%| O|  |TAMS 0x0000000088c00000, 0x0000000088c00000| Untracked 
| 141|0x0000000088d00000, 0x0000000088e00000, 0x0000000088e00000|100%| O|  |TAMS 0x0000000088e00000, 0x0000000088d00000| Updating 
| 142|0x0000000088e00000, 0x0000000088f00000, 0x0000000088f00000|100%| O|  |TAMS 0x0000000088f00000, 0x0000000088e00000| Updating 
| 143|0x0000000088f00000, 0x0000000089000000, 0x0000000089000000|100%| O|  |TAMS 0x0000000089000000, 0x0000000088f00000| Updating 
| 144|0x0000000089000000, 0x0000000089100000, 0x0000000089100000|100%|HS|  |TAMS 0x0000000089100000, 0x0000000089000000| Complete 
| 145|0x0000000089100000, 0x0000000089200000, 0x0000000089200000|100%|HS|  |TAMS 0x0000000089200000, 0x0000000089100000| Complete 
| 146|0x0000000089200000, 0x0000000089300000, 0x0000000089300000|100%|HC|  |TAMS 0x0000000089300000, 0x0000000089200000| Complete 
| 147|0x0000000089300000, 0x0000000089400000, 0x0000000089400000|100%|HS|  |TAMS 0x0000000089400000, 0x0000000089300000| Complete 
| 148|0x0000000089400000, 0x0000000089500000, 0x0000000089500000|100%|HC|  |TAMS 0x0000000089500000, 0x0000000089400000| Complete 
| 149|0x0000000089500000, 0x0000000089600000, 0x0000000089600000|100%|HS|  |TAMS 0x0000000089600000, 0x0000000089500000| Complete 
| 150|0x0000000089600000, 0x0000000089700000, 0x0000000089700000|100%| O|  |TAMS 0x0000000089700000, 0x0000000089600000| Updating 
| 151|0x0000000089700000, 0x0000000089800000, 0x0000000089800000|100%|HS|  |TAMS 0x0000000089800000, 0x0000000089700000| Complete 
| 152|0x0000000089800000, 0x0000000089900000, 0x0000000089900000|100%| O|  |TAMS 0x0000000089900000, 0x0000000089800000| Updating 
| 153|0x0000000089900000, 0x0000000089a00000, 0x0000000089a00000|100%|HS|  |TAMS 0x0000000089a00000, 0x0000000089900000| Complete 
| 154|0x0000000089a00000, 0x0000000089b00000, 0x0000000089b00000|100%|HC|  |TAMS 0x0000000089b00000, 0x0000000089a00000| Complete 
| 155|0x0000000089b00000, 0x0000000089c00000, 0x0000000089c00000|100%|HS|  |TAMS 0x0000000089c00000, 0x0000000089b00000| Complete 
| 156|0x0000000089c00000, 0x0000000089d00000, 0x0000000089d00000|100%|HC|  |TAMS 0x0000000089d00000, 0x0000000089c00000| Complete 
| 157|0x0000000089d00000, 0x0000000089e00000, 0x0000000089e00000|100%|HC|  |TAMS 0x0000000089e00000, 0x0000000089d00000| Complete 
| 158|0x0000000089e00000, 0x0000000089f00000, 0x0000000089f00000|100%| O|  |TAMS 0x0000000089f00000, 0x0000000089e00000| Updating 
| 159|0x0000000089f00000, 0x000000008a000000, 0x000000008a000000|100%| O|  |TAMS 0x0000000089f00000, 0x0000000089f00000| Untracked 
| 160|0x000000008a000000, 0x000000008a100000, 0x000000008a100000|100%| O|  |TAMS 0x000000008a100000, 0x000000008a000000| Updating 
| 161|0x000000008a100000, 0x000000008a200000, 0x000000008a200000|100%| O|  |TAMS 0x000000008a200000, 0x000000008a100000| Updating 
| 162|0x000000008a200000, 0x000000008a300000, 0x000000008a300000|100%| O|  |TAMS 0x000000008a300000, 0x000000008a200000| Updating 
| 163|0x000000008a300000, 0x000000008a400000, 0x000000008a400000|100%| O|  |TAMS 0x000000008a300000, 0x000000008a300000| Untracked 
| 164|0x000000008a400000, 0x000000008a500000, 0x000000008a500000|100%| O|  |TAMS 0x000000008a400000, 0x000000008a400000| Untracked 
| 165|0x000000008a500000, 0x000000008a600000, 0x000000008a600000|100%| O|  |TAMS 0x000000008a600000, 0x000000008a500000| Updating 
| 166|0x000000008a600000, 0x000000008a681800, 0x000000008a700000| 50%| O|  |TAMS 0x000000008a600000, 0x000000008a600000| Untracked 
| 167|0x000000008a700000, 0x000000008a800000, 0x000000008a800000|100%| O|  |TAMS 0x000000008a800000, 0x000000008a700000| Updating 
| 168|0x000000008a800000, 0x000000008a800000, 0x000000008a900000|  0%| F|  |TAMS 0x000000008a800000, 0x000000008a800000| Untracked 
| 169|0x000000008a900000, 0x000000008aa00000, 0x000000008aa00000|100%| O|  |TAMS 0x000000008aa00000, 0x000000008a900000| Updating 
| 170|0x000000008aa00000, 0x000000008ab00000, 0x000000008ab00000|100%| O|  |TAMS 0x000000008ab00000, 0x000000008aa00000| Updating 
| 171|0x000000008ab00000, 0x000000008ac00000, 0x000000008ac00000|100%| O|  |TAMS 0x000000008ac00000, 0x000000008ab00000| Updating 
| 172|0x000000008ac00000, 0x000000008ac00000, 0x000000008ad00000|  0%| F|  |TAMS 0x000000008ac00000, 0x000000008ac00000| Untracked 
| 173|0x000000008ad00000, 0x000000008ad00000, 0x000000008ae00000|  0%| F|  |TAMS 0x000000008ad00000, 0x000000008ad00000| Untracked 
| 174|0x000000008ae00000, 0x000000008af00000, 0x000000008af00000|100%| O|  |TAMS 0x000000008af00000, 0x000000008ae00000| Updating 
| 175|0x000000008af00000, 0x000000008b000000, 0x000000008b000000|100%| O|  |TAMS 0x000000008b000000, 0x000000008af00000| Updating 
| 176|0x000000008b000000, 0x000000008b100000, 0x000000008b100000|100%| O|  |TAMS 0x000000008b100000, 0x000000008b000000| Updating 
| 177|0x000000008b100000, 0x000000008b100000, 0x000000008b200000|  0%| F|  |TAMS 0x000000008b100000, 0x000000008b100000| Untracked 
| 178|0x000000008b200000, 0x000000008b200000, 0x000000008b300000|  0%| F|  |TAMS 0x000000008b200000, 0x000000008b200000| Untracked 
| 179|0x000000008b300000, 0x000000008b400000, 0x000000008b400000|100%| O|  |TAMS 0x000000008b400000, 0x000000008b300000| Updating 
| 180|0x000000008b400000, 0x000000008b500000, 0x000000008b500000|100%| O|  |TAMS 0x000000008b500000, 0x000000008b400000| Updating 
| 181|0x000000008b500000, 0x000000008b600000, 0x000000008b600000|100%| O|  |TAMS 0x000000008b600000, 0x000000008b500000| Updating 
| 182|0x000000008b600000, 0x000000008b700000, 0x000000008b700000|100%| O|  |TAMS 0x000000008b700000, 0x000000008b600000| Updating 
| 183|0x000000008b700000, 0x000000008b800000, 0x000000008b800000|100%| O|  |TAMS 0x000000008b800000, 0x000000008b700000| Updating 
| 184|0x000000008b800000, 0x000000008b900000, 0x000000008b900000|100%| O|  |TAMS 0x000000008b900000, 0x000000008b800000| Updating 
| 185|0x000000008b900000, 0x000000008b900000, 0x000000008ba00000|  0%| F|  |TAMS 0x000000008b900000, 0x000000008b900000| Untracked 
| 186|0x000000008ba00000, 0x000000008ba00000, 0x000000008bb00000|  0%| F|  |TAMS 0x000000008ba00000, 0x000000008ba00000| Untracked 
| 187|0x000000008bb00000, 0x000000008bb00000, 0x000000008bc00000|  0%| F|  |TAMS 0x000000008bb00000, 0x000000008bb00000| Untracked 
| 188|0x000000008bc00000, 0x000000008bd00000, 0x000000008bd00000|100%|HS|  |TAMS 0x000000008bd00000, 0x000000008bc00000| Complete 
| 189|0x000000008bd00000, 0x000000008be00000, 0x000000008be00000|100%|HS|  |TAMS 0x000000008be00000, 0x000000008bd00000| Complete 
| 190|0x000000008be00000, 0x000000008bf00000, 0x000000008bf00000|100%| O|  |TAMS 0x000000008bf00000, 0x000000008be00000| Updating 
| 191|0x000000008bf00000, 0x000000008c000000, 0x000000008c000000|100%| O|  |TAMS 0x000000008c000000, 0x000000008bf00000| Updating 
| 192|0x000000008c000000, 0x000000008c100000, 0x000000008c100000|100%| O|  |TAMS 0x000000008c100000, 0x000000008c000000| Updating 
| 193|0x000000008c100000, 0x000000008c200000, 0x000000008c200000|100%| O|  |TAMS 0x000000008c200000, 0x000000008c100000| Updating 
| 194|0x000000008c200000, 0x000000008c300000, 0x000000008c300000|100%| O|  |TAMS 0x000000008c300000, 0x000000008c200000| Updating 
| 195|0x000000008c300000, 0x000000008c400000, 0x000000008c400000|100%| O|  |TAMS 0x000000008c400000, 0x000000008c300000| Updating 
| 196|0x000000008c400000, 0x000000008c500000, 0x000000008c500000|100%| O|  |TAMS 0x000000008c500000, 0x000000008c400000| Updating 
| 197|0x000000008c500000, 0x000000008c600000, 0x000000008c600000|100%| O|  |TAMS 0x000000008c600000, 0x000000008c500000| Updating 
| 198|0x000000008c600000, 0x000000008c700000, 0x000000008c700000|100%| O|  |TAMS 0x000000008c700000, 0x000000008c600000| Updating 
| 199|0x000000008c700000, 0x000000008c800000, 0x000000008c800000|100%| O|  |TAMS 0x000000008c800000, 0x000000008c700000| Updating 
| 200|0x000000008c800000, 0x000000008c900000, 0x000000008c900000|100%| O|  |TAMS 0x000000008c900000, 0x000000008c800000| Updating 
| 201|0x000000008c900000, 0x000000008ca00000, 0x000000008ca00000|100%| O|  |TAMS 0x000000008ca00000, 0x000000008c900000| Updating 
| 202|0x000000008ca00000, 0x000000008cb00000, 0x000000008cb00000|100%| O|  |TAMS 0x000000008cb00000, 0x000000008ca00000| Updating 
| 203|0x000000008cb00000, 0x000000008cc00000, 0x000000008cc00000|100%| O|  |TAMS 0x000000008cc00000, 0x000000008cb00000| Updating 
| 204|0x000000008cc00000, 0x000000008cd00000, 0x000000008cd00000|100%| O|  |TAMS 0x000000008cd00000, 0x000000008cc00000| Updating 
| 205|0x000000008cd00000, 0x000000008ce00000, 0x000000008ce00000|100%| O|  |TAMS 0x000000008ce00000, 0x000000008cd00000| Updating 
| 206|0x000000008ce00000, 0x000000008cf00000, 0x000000008cf00000|100%| O|  |TAMS 0x000000008cf00000, 0x000000008ce00000| Updating 
| 207|0x000000008cf00000, 0x000000008d000000, 0x000000008d000000|100%| O|  |TAMS 0x000000008d000000, 0x000000008cf00000| Updating 
| 208|0x000000008d000000, 0x000000008d100000, 0x000000008d100000|100%| O|  |TAMS 0x000000008d100000, 0x000000008d000000| Updating 
| 209|0x000000008d100000, 0x000000008d200000, 0x000000008d200000|100%| O|  |TAMS 0x000000008d200000, 0x000000008d100000| Updating 
| 210|0x000000008d200000, 0x000000008d300000, 0x000000008d300000|100%| O|  |TAMS 0x000000008d300000, 0x000000008d200000| Updating 
| 211|0x000000008d300000, 0x000000008d400000, 0x000000008d400000|100%| O|  |TAMS 0x000000008d400000, 0x000000008d300000| Updating 
| 212|0x000000008d400000, 0x000000008d500000, 0x000000008d500000|100%| O|  |TAMS 0x000000008d500000, 0x000000008d400000| Updating 
| 213|0x000000008d500000, 0x000000008d600000, 0x000000008d600000|100%| O|  |TAMS 0x000000008d600000, 0x000000008d500000| Updating 
| 214|0x000000008d600000, 0x000000008d700000, 0x000000008d700000|100%| O|  |TAMS 0x000000008d700000, 0x000000008d600000| Updating 
| 215|0x000000008d700000, 0x000000008d800000, 0x000000008d800000|100%| O|  |TAMS 0x000000008d800000, 0x000000008d700000| Updating 
| 216|0x000000008d800000, 0x000000008d900000, 0x000000008d900000|100%| O|  |TAMS 0x000000008d900000, 0x000000008d800000| Updating 
| 217|0x000000008d900000, 0x000000008da00000, 0x000000008da00000|100%| O|  |TAMS 0x000000008da00000, 0x000000008d900000| Updating 
| 218|0x000000008da00000, 0x000000008db00000, 0x000000008db00000|100%| O|  |TAMS 0x000000008db00000, 0x000000008da00000| Updating 
| 219|0x000000008db00000, 0x000000008dc00000, 0x000000008dc00000|100%| O|  |TAMS 0x000000008dc00000, 0x000000008db00000| Updating 
| 220|0x000000008dc00000, 0x000000008dd00000, 0x000000008dd00000|100%| O|  |TAMS 0x000000008dd00000, 0x000000008dc00000| Updating 
| 221|0x000000008dd00000, 0x000000008de00000, 0x000000008de00000|100%| O|  |TAMS 0x000000008de00000, 0x000000008dd00000| Updating 
| 222|0x000000008de00000, 0x000000008df00000, 0x000000008df00000|100%| O|  |TAMS 0x000000008df00000, 0x000000008de00000| Updating 
| 223|0x000000008df00000, 0x000000008e000000, 0x000000008e000000|100%| O|  |TAMS 0x000000008e000000, 0x000000008df00000| Updating 
| 224|0x000000008e000000, 0x000000008e100000, 0x000000008e100000|100%| O|  |TAMS 0x000000008e100000, 0x000000008e000000| Updating 
| 225|0x000000008e100000, 0x000000008e200000, 0x000000008e200000|100%| O|  |TAMS 0x000000008e200000, 0x000000008e100000| Updating 
| 226|0x000000008e200000, 0x000000008e300000, 0x000000008e300000|100%| O|  |TAMS 0x000000008e300000, 0x000000008e200000| Updating 
| 227|0x000000008e300000, 0x000000008e400000, 0x000000008e400000|100%| O|  |TAMS 0x000000008e400000, 0x000000008e300000| Updating 
| 228|0x000000008e400000, 0x000000008e500000, 0x000000008e500000|100%| O|  |TAMS 0x000000008e500000, 0x000000008e400000| Updating 
| 229|0x000000008e500000, 0x000000008e600000, 0x000000008e600000|100%| O|  |TAMS 0x000000008e600000, 0x000000008e500000| Updating 
| 230|0x000000008e600000, 0x000000008e700000, 0x000000008e700000|100%|HS|  |TAMS 0x000000008e700000, 0x000000008e600000| Complete 
| 231|0x000000008e700000, 0x000000008e800000, 0x000000008e800000|100%|HS|  |TAMS 0x000000008e800000, 0x000000008e700000| Complete 
| 232|0x000000008e800000, 0x000000008e900000, 0x000000008e900000|100%| O|  |TAMS 0x000000008e900000, 0x000000008e800000| Updating 
| 233|0x000000008e900000, 0x000000008ea00000, 0x000000008ea00000|100%| O|  |TAMS 0x000000008ea00000, 0x000000008e900000| Updating 
| 234|0x000000008ea00000, 0x000000008eb00000, 0x000000008eb00000|100%| O|  |TAMS 0x000000008eb00000, 0x000000008ea00000| Updating 
| 235|0x000000008eb00000, 0x000000008ec00000, 0x000000008ec00000|100%| O|  |TAMS 0x000000008ec00000, 0x000000008eb00000| Updating 
| 236|0x000000008ec00000, 0x000000008ed00000, 0x000000008ed00000|100%| O|  |TAMS 0x000000008ed00000, 0x000000008ec00000| Updating 
| 237|0x000000008ed00000, 0x000000008ee00000, 0x000000008ee00000|100%| O|  |TAMS 0x000000008ee00000, 0x000000008ed00000| Updating 
| 238|0x000000008ee00000, 0x000000008ef00000, 0x000000008ef00000|100%| O|  |TAMS 0x000000008eee4800, 0x000000008ee00000| Updating 
| 239|0x000000008ef00000, 0x000000008f000000, 0x000000008f000000|100%|HS|  |TAMS 0x000000008ef00000, 0x000000008ef00000| Complete 
| 240|0x000000008f000000, 0x000000008f100000, 0x000000008f100000|100%|HS|  |TAMS 0x000000008f000000, 0x000000008f000000| Complete 
| 241|0x000000008f100000, 0x000000008f200000, 0x000000008f200000|100%|HC|  |TAMS 0x000000008f100000, 0x000000008f100000| Complete 
| 242|0x000000008f200000, 0x000000008f300000, 0x000000008f300000|100%|HS|  |TAMS 0x000000008f200000, 0x000000008f200000| Complete 
| 243|0x000000008f300000, 0x000000008f400000, 0x000000008f400000|100%|HC|  |TAMS 0x000000008f300000, 0x000000008f300000| Complete 
| 244|0x000000008f400000, 0x000000008f500000, 0x000000008f500000|100%|HS|  |TAMS 0x000000008f400000, 0x000000008f400000| Complete 
| 245|0x000000008f500000, 0x000000008f600000, 0x000000008f600000|100%|HS|  |TAMS 0x000000008f500000, 0x000000008f500000| Complete 
| 246|0x000000008f600000, 0x000000008f700000, 0x000000008f700000|100%|HS|  |TAMS 0x000000008f600000, 0x000000008f600000| Complete 
| 247|0x000000008f700000, 0x000000008f800000, 0x000000008f800000|100%|HC|  |TAMS 0x000000008f700000, 0x000000008f700000| Complete 
| 248|0x000000008f800000, 0x000000008f900000, 0x000000008f900000|100%|HS|  |TAMS 0x000000008f800000, 0x000000008f800000| Complete 
| 249|0x000000008f900000, 0x000000008fa00000, 0x000000008fa00000|100%|HS|  |TAMS 0x000000008f900000, 0x000000008f900000| Complete 
| 250|0x000000008fa00000, 0x000000008fb00000, 0x000000008fb00000|100%|HS|  |TAMS 0x000000008fa00000, 0x000000008fa00000| Complete 
| 251|0x000000008fb00000, 0x000000008fc00000, 0x000000008fc00000|100%|HS|  |TAMS 0x000000008fb00000, 0x000000008fb00000| Complete 
| 252|0x000000008fc00000, 0x000000008fd00000, 0x000000008fd00000|100%|HC|  |TAMS 0x000000008fc00000, 0x000000008fc00000| Complete 
| 253|0x000000008fd00000, 0x000000008fe00000, 0x000000008fe00000|100%| O|  |TAMS 0x000000008fd00000, 0x000000008fd00000| Untracked 
| 254|0x000000008fe00000, 0x000000008ff00000, 0x000000008ff00000|100%| O|  |TAMS 0x000000008fe00000, 0x000000008fe00000| Untracked 
| 255|0x000000008ff00000, 0x0000000090000000, 0x0000000090000000|100%|HS|  |TAMS 0x000000008ff00000, 0x000000008ff00000| Complete 
| 256|0x0000000090000000, 0x0000000090100000, 0x0000000090100000|100%| O|  |TAMS 0x0000000090000000, 0x0000000090000000| Untracked 
| 257|0x0000000090100000, 0x0000000090200000, 0x0000000090200000|100%| O|  |TAMS 0x0000000090100000, 0x0000000090100000| Untracked 
| 258|0x0000000090200000, 0x0000000090300000, 0x0000000090300000|100%| O|  |TAMS 0x0000000090200000, 0x0000000090200000| Untracked 
| 259|0x0000000090300000, 0x0000000090400000, 0x0000000090400000|100%| O|  |TAMS 0x0000000090300000, 0x0000000090300000| Untracked 
| 260|0x0000000090400000, 0x0000000090500000, 0x0000000090500000|100%| O|  |TAMS 0x0000000090400000, 0x0000000090400000| Untracked 
| 261|0x0000000090500000, 0x0000000090600000, 0x0000000090600000|100%| O|  |TAMS 0x0000000090500000, 0x0000000090500000| Untracked 
| 262|0x0000000090600000, 0x0000000090600000, 0x0000000090700000|  0%| F|  |TAMS 0x0000000090600000, 0x0000000090600000| Untracked 
| 263|0x0000000090700000, 0x0000000090700000, 0x0000000090800000|  0%| F|  |TAMS 0x0000000090700000, 0x0000000090700000| Untracked 
| 264|0x0000000090800000, 0x0000000090800000, 0x0000000090900000|  0%| F|  |TAMS 0x0000000090800000, 0x0000000090800000| Untracked 
| 265|0x0000000090900000, 0x0000000090a00000, 0x0000000090a00000|100%|HS|  |TAMS 0x0000000090900000, 0x0000000090900000| Complete 
| 266|0x0000000090a00000, 0x0000000090b00000, 0x0000000090b00000|100%| O|  |TAMS 0x0000000090a00000, 0x0000000090a00000| Updating 
| 267|0x0000000090b00000, 0x0000000090b00000, 0x0000000090c00000|  0%| F|  |TAMS 0x0000000090b00000, 0x0000000090b00000| Untracked 
| 268|0x0000000090c00000, 0x0000000090c00000, 0x0000000090d00000|  0%| F|  |TAMS 0x0000000090c00000, 0x0000000090c00000| Untracked 
| 269|0x0000000090d00000, 0x0000000090d00000, 0x0000000090e00000|  0%| F|  |TAMS 0x0000000090d00000, 0x0000000090d00000| Untracked 
| 270|0x0000000090e00000, 0x0000000090f00000, 0x0000000090f00000|100%|HS|  |TAMS 0x0000000090e00000, 0x0000000090e00000| Complete 
| 271|0x0000000090f00000, 0x0000000091000000, 0x0000000091000000|100%|HS|  |TAMS 0x0000000090f00000, 0x0000000090f00000| Complete 
| 272|0x0000000091000000, 0x0000000091100000, 0x0000000091100000|100%|HS|  |TAMS 0x0000000091000000, 0x0000000091000000| Complete 
| 273|0x0000000091100000, 0x0000000091200000, 0x0000000091200000|100%|HC|  |TAMS 0x0000000091100000, 0x0000000091100000| Complete 
| 274|0x0000000091200000, 0x0000000091200000, 0x0000000091300000|  0%| F|  |TAMS 0x0000000091200000, 0x0000000091200000| Untracked 
| 275|0x0000000091300000, 0x0000000091400000, 0x0000000091400000|100%|HS|  |TAMS 0x0000000091300000, 0x0000000091300000| Complete 
| 276|0x0000000091400000, 0x0000000091500000, 0x0000000091500000|100%|HS|  |TAMS 0x0000000091400000, 0x0000000091400000| Complete 
| 277|0x0000000091500000, 0x0000000091600000, 0x0000000091600000|100%|HS|  |TAMS 0x0000000091500000, 0x0000000091500000| Complete 
| 278|0x0000000091600000, 0x0000000091700000, 0x0000000091700000|100%|HC|  |TAMS 0x0000000091600000, 0x0000000091600000| Complete 
| 279|0x0000000091700000, 0x0000000091700000, 0x0000000091800000|  0%| F|  |TAMS 0x0000000091700000, 0x0000000091700000| Untracked 
| 280|0x0000000091800000, 0x0000000091800000, 0x0000000091900000|  0%| F|  |TAMS 0x0000000091800000, 0x0000000091800000| Untracked 
| 281|0x0000000091900000, 0x0000000091900000, 0x0000000091a00000|  0%| F|  |TAMS 0x0000000091900000, 0x0000000091900000| Untracked 
| 282|0x0000000091a00000, 0x0000000091a00000, 0x0000000091b00000|  0%| F|  |TAMS 0x0000000091a00000, 0x0000000091a00000| Untracked 
| 283|0x0000000091b00000, 0x0000000091b00000, 0x0000000091c00000|  0%| F|  |TAMS 0x0000000091b00000, 0x0000000091b00000| Untracked 
| 284|0x0000000091c00000, 0x0000000091c00000, 0x0000000091d00000|  0%| F|  |TAMS 0x0000000091c00000, 0x0000000091c00000| Untracked 
| 285|0x0000000091d00000, 0x0000000091d00000, 0x0000000091e00000|  0%| F|  |TAMS 0x0000000091d00000, 0x0000000091d00000| Untracked 
| 286|0x0000000091e00000, 0x0000000091e00000, 0x0000000091f00000|  0%| F|  |TAMS 0x0000000091e00000, 0x0000000091e00000| Untracked 
| 287|0x0000000091f00000, 0x0000000091f00000, 0x0000000092000000|  0%| F|  |TAMS 0x0000000091f00000, 0x0000000091f00000| Untracked 
| 288|0x0000000092000000, 0x0000000092000000, 0x0000000092100000|  0%| F|  |TAMS 0x0000000092000000, 0x0000000092000000| Untracked 
| 289|0x0000000092100000, 0x0000000092100000, 0x0000000092200000|  0%| F|  |TAMS 0x0000000092100000, 0x0000000092100000| Untracked 
| 290|0x0000000092200000, 0x0000000092200000, 0x0000000092300000|  0%| F|  |TAMS 0x0000000092200000, 0x0000000092200000| Untracked 
| 291|0x0000000092300000, 0x0000000092300000, 0x0000000092400000|  0%| F|  |TAMS 0x0000000092300000, 0x0000000092300000| Untracked 
| 292|0x0000000092400000, 0x0000000092400000, 0x0000000092500000|  0%| F|  |TAMS 0x0000000092400000, 0x0000000092400000| Untracked 
| 293|0x0000000092500000, 0x0000000092500000, 0x0000000092600000|  0%| F|  |TAMS 0x0000000092500000, 0x0000000092500000| Untracked 
| 294|0x0000000092600000, 0x0000000092600000, 0x0000000092700000|  0%| F|  |TAMS 0x0000000092600000, 0x0000000092600000| Untracked 
| 295|0x0000000092700000, 0x0000000092700000, 0x0000000092800000|  0%| F|  |TAMS 0x0000000092700000, 0x0000000092700000| Untracked 
| 296|0x0000000092800000, 0x0000000092800000, 0x0000000092900000|  0%| F|  |TAMS 0x0000000092800000, 0x0000000092800000| Untracked 
| 297|0x0000000092900000, 0x0000000092900000, 0x0000000092a00000|  0%| F|  |TAMS 0x0000000092900000, 0x0000000092900000| Untracked 
| 298|0x0000000092a00000, 0x0000000092a00000, 0x0000000092b00000|  0%| F|  |TAMS 0x0000000092a00000, 0x0000000092a00000| Untracked 
| 299|0x0000000092b00000, 0x0000000092b00000, 0x0000000092c00000|  0%| F|  |TAMS 0x0000000092b00000, 0x0000000092b00000| Untracked 
| 300|0x0000000092c00000, 0x0000000092c00000, 0x0000000092d00000|  0%| F|  |TAMS 0x0000000092c00000, 0x0000000092c00000| Untracked 
| 301|0x0000000092d00000, 0x0000000092d00000, 0x0000000092e00000|  0%| F|  |TAMS 0x0000000092d00000, 0x0000000092d00000| Untracked 
| 302|0x0000000092e00000, 0x0000000092e00000, 0x0000000092f00000|  0%| F|  |TAMS 0x0000000092e00000, 0x0000000092e00000| Untracked 
| 303|0x0000000092f00000, 0x0000000092f00000, 0x0000000093000000|  0%| F|  |TAMS 0x0000000092f00000, 0x0000000092f00000| Untracked 
| 304|0x0000000093000000, 0x0000000093000000, 0x0000000093100000|  0%| F|  |TAMS 0x0000000093000000, 0x0000000093000000| Untracked 
| 305|0x0000000093100000, 0x0000000093200000, 0x0000000093200000|100%| S|CS|TAMS 0x0000000093100000, 0x0000000093100000| Complete 
| 306|0x0000000093200000, 0x0000000093300000, 0x0000000093300000|100%| S|CS|TAMS 0x0000000093200000, 0x0000000093200000| Complete 
| 307|0x0000000093300000, 0x0000000093400000, 0x0000000093400000|100%| S|CS|TAMS 0x0000000093300000, 0x0000000093300000| Complete 
| 308|0x0000000093400000, 0x0000000093500000, 0x0000000093500000|100%| S|CS|TAMS 0x0000000093400000, 0x0000000093400000| Complete 
| 309|0x0000000093500000, 0x0000000093500000, 0x0000000093600000|  0%| F|  |TAMS 0x0000000093500000, 0x0000000093500000| Untracked 
| 310|0x0000000093600000, 0x0000000093600000, 0x0000000093700000|  0%| F|  |TAMS 0x0000000093600000, 0x0000000093600000| Untracked 
| 311|0x0000000093700000, 0x0000000093700000, 0x0000000093800000|  0%| F|  |TAMS 0x0000000093700000, 0x0000000093700000| Untracked 
| 312|0x0000000093800000, 0x0000000093800000, 0x0000000093900000|  0%| F|  |TAMS 0x0000000093800000, 0x0000000093800000| Untracked 
| 313|0x0000000093900000, 0x0000000093900000, 0x0000000093a00000|  0%| F|  |TAMS 0x0000000093900000, 0x0000000093900000| Untracked 
| 314|0x0000000093a00000, 0x0000000093a00000, 0x0000000093b00000|  0%| F|  |TAMS 0x0000000093a00000, 0x0000000093a00000| Untracked 
| 315|0x0000000093b00000, 0x0000000093b00000, 0x0000000093c00000|  0%| F|  |TAMS 0x0000000093b00000, 0x0000000093b00000| Untracked 
| 316|0x0000000093c00000, 0x0000000093c00000, 0x0000000093d00000|  0%| F|  |TAMS 0x0000000093c00000, 0x0000000093c00000| Untracked 
| 317|0x0000000093d00000, 0x0000000093d00000, 0x0000000093e00000|  0%| F|  |TAMS 0x0000000093d00000, 0x0000000093d00000| Untracked 
| 318|0x0000000093e00000, 0x0000000093e00000, 0x0000000093f00000|  0%| F|  |TAMS 0x0000000093e00000, 0x0000000093e00000| Untracked 
| 319|0x0000000093f00000, 0x0000000093f00000, 0x0000000094000000|  0%| F|  |TAMS 0x0000000093f00000, 0x0000000093f00000| Untracked 
| 320|0x0000000094000000, 0x0000000094000000, 0x0000000094100000|  0%| F|  |TAMS 0x0000000094000000, 0x0000000094000000| Untracked 
| 321|0x0000000094100000, 0x0000000094100000, 0x0000000094200000|  0%| F|  |TAMS 0x0000000094100000, 0x0000000094100000| Untracked 
| 322|0x0000000094200000, 0x0000000094200000, 0x0000000094300000|  0%| F|  |TAMS 0x0000000094200000, 0x0000000094200000| Untracked 
| 323|0x0000000094300000, 0x0000000094300000, 0x0000000094400000|  0%| F|  |TAMS 0x0000000094300000, 0x0000000094300000| Untracked 
| 324|0x0000000094400000, 0x0000000094400000, 0x0000000094500000|  0%| F|  |TAMS 0x0000000094400000, 0x0000000094400000| Untracked 
| 325|0x0000000094500000, 0x0000000094500000, 0x0000000094600000|  0%| F|  |TAMS 0x0000000094500000, 0x0000000094500000| Untracked 
| 326|0x0000000094600000, 0x0000000094600000, 0x0000000094700000|  0%| F|  |TAMS 0x0000000094600000, 0x0000000094600000| Untracked 
| 327|0x0000000094700000, 0x0000000094700000, 0x0000000094800000|  0%| F|  |TAMS 0x0000000094700000, 0x0000000094700000| Untracked 
| 328|0x0000000094800000, 0x0000000094800000, 0x0000000094900000|  0%| F|  |TAMS 0x0000000094800000, 0x0000000094800000| Untracked 
| 329|0x0000000094900000, 0x0000000094900000, 0x0000000094a00000|  0%| F|  |TAMS 0x0000000094900000, 0x0000000094900000| Untracked 
| 330|0x0000000094a00000, 0x0000000094a00000, 0x0000000094b00000|  0%| F|  |TAMS 0x0000000094a00000, 0x0000000094a00000| Untracked 
| 331|0x0000000094b00000, 0x0000000094b00000, 0x0000000094c00000|  0%| F|  |TAMS 0x0000000094b00000, 0x0000000094b00000| Untracked 
| 332|0x0000000094c00000, 0x0000000094d00000, 0x0000000094d00000|100%| O|  |TAMS 0x0000000094d00000, 0x0000000094c00000| Updating 
| 333|0x0000000094d00000, 0x0000000094e00000, 0x0000000094e00000|100%| O|  |TAMS 0x0000000094e00000, 0x0000000094d00000| Updating 
| 334|0x0000000094e00000, 0x0000000094f00000, 0x0000000094f00000|100%| O|  |TAMS 0x0000000094f00000, 0x0000000094e00000| Updating 
| 335|0x0000000094f00000, 0x0000000095000000, 0x0000000095000000|100%| O|  |TAMS 0x0000000095000000, 0x0000000094f00000| Updating 
| 336|0x0000000095000000, 0x0000000095100000, 0x0000000095100000|100%| O|  |TAMS 0x0000000095100000, 0x0000000095000000| Updating 
| 337|0x0000000095100000, 0x0000000095200000, 0x0000000095200000|100%| O|  |TAMS 0x0000000095200000, 0x0000000095100000| Updating 
| 338|0x0000000095200000, 0x0000000095300000, 0x0000000095300000|100%| O|  |TAMS 0x0000000095300000, 0x0000000095200000| Updating 
| 339|0x0000000095300000, 0x0000000095400000, 0x0000000095400000|100%| O|  |TAMS 0x0000000095400000, 0x0000000095300000| Updating 
| 340|0x0000000095400000, 0x0000000095500000, 0x0000000095500000|100%| O|  |TAMS 0x0000000095500000, 0x0000000095400000| Updating 
| 341|0x0000000095500000, 0x0000000095600000, 0x0000000095600000|100%| O|  |TAMS 0x0000000095600000, 0x0000000095500000| Updating 
| 342|0x0000000095600000, 0x0000000095700000, 0x0000000095700000|100%| O|  |TAMS 0x0000000095700000, 0x0000000095600000| Updating 
| 343|0x0000000095700000, 0x0000000095800000, 0x0000000095800000|100%| O|  |TAMS 0x0000000095800000, 0x0000000095700000| Updating 
| 344|0x0000000095800000, 0x0000000095900000, 0x0000000095900000|100%| O|  |TAMS 0x0000000095900000, 0x0000000095800000| Updating 
| 345|0x0000000095900000, 0x0000000095a00000, 0x0000000095a00000|100%| O|  |TAMS 0x0000000095a00000, 0x0000000095900000| Updating 
| 346|0x0000000095a00000, 0x0000000095b00000, 0x0000000095b00000|100%| O|  |TAMS 0x0000000095b00000, 0x0000000095a00000| Updating 
| 347|0x0000000095b00000, 0x0000000095c00000, 0x0000000095c00000|100%| O|  |TAMS 0x0000000095c00000, 0x0000000095b00000| Updating 
| 348|0x0000000095c00000, 0x0000000095d00000, 0x0000000095d00000|100%| O|  |TAMS 0x0000000095d00000, 0x0000000095c00000| Updating 
| 349|0x0000000095d00000, 0x0000000095e00000, 0x0000000095e00000|100%| O|  |TAMS 0x0000000095e00000, 0x0000000095d00000| Updating 
| 350|0x0000000095e00000, 0x0000000095f00000, 0x0000000095f00000|100%| O|  |TAMS 0x0000000095f00000, 0x0000000095e00000| Updating 
| 351|0x0000000095f00000, 0x0000000096000000, 0x0000000096000000|100%| O|  |TAMS 0x0000000096000000, 0x0000000095f00000| Updating 
| 352|0x0000000096000000, 0x0000000096100000, 0x0000000096100000|100%| O|  |TAMS 0x0000000096100000, 0x0000000096000000| Updating 
| 353|0x0000000096100000, 0x0000000096200000, 0x0000000096200000|100%| O|  |TAMS 0x0000000096200000, 0x0000000096100000| Updating 
| 354|0x0000000096200000, 0x0000000096300000, 0x0000000096300000|100%| O|  |TAMS 0x0000000096300000, 0x0000000096200000| Updating 
| 355|0x0000000096300000, 0x0000000096400000, 0x0000000096400000|100%| O|  |TAMS 0x0000000096400000, 0x0000000096300000| Updating 
| 356|0x0000000096400000, 0x0000000096500000, 0x0000000096500000|100%| O|  |TAMS 0x0000000096500000, 0x0000000096400000| Updating 
| 357|0x0000000096500000, 0x0000000096600000, 0x0000000096600000|100%| O|  |TAMS 0x0000000096600000, 0x0000000096500000| Updating 
| 358|0x0000000096600000, 0x0000000096700000, 0x0000000096700000|100%| O|  |TAMS 0x0000000096700000, 0x0000000096600000| Updating 
| 359|0x0000000096700000, 0x0000000096800000, 0x0000000096800000|100%| O|  |TAMS 0x0000000096800000, 0x0000000096700000| Updating 

Card table byte_map: [0x000002539a210000,0x000002539a610000] _byte_map_base: 0x0000025399e10000

Marking Bits (Prev, Next): (CMBitMap*) 0x0000025387337038, (CMBitMap*) 0x0000025387337070
 Prev Bits: [0x000002539aa10000, 0x000002539ca10000)
 Next Bits: [0x000002539ca10000, 0x000002539ea10000)

Polling page: 0x0000025385230000

Metaspace:

Usage:
  Non-class:    111.70 MB capacity,   109.53 MB ( 98%) used,     1.70 MB (  2%) free+waste,   481.19 KB ( <1%) overhead. 
      Class:     17.10 MB capacity,    15.68 MB ( 92%) used,     1.22 MB (  7%) free+waste,   210.19 KB (  1%) overhead. 
       Both:    128.81 MB capacity,   125.21 MB ( 97%) used,     2.92 MB (  2%) free+waste,   691.38 KB ( <1%) overhead. 

Virtual space:
  Non-class space:      114.00 MB reserved,     112.38 MB ( 99%) committed 
      Class space:        1.00 GB reserved,      17.70 MB (  2%) committed 
             Both:        1.11 GB reserved,     130.08 MB ( 11%) committed 

Chunk freelists:
   Non-Class:  692.00 KB
       Class:  567.00 KB
        Both:  1.23 MB

MaxMetaspaceSize: 17179869184.00 GB
CompressedClassSpaceSize: 1.00 GB
Initial GC threshold: 20.80 MB
Current GC threshold: 216.80 MB
CDS: off

CodeHeap 'non-profiled nmethods': size=120064Kb used=13727Kb max_used=13727Kb free=106337Kb
 bounds [0x00000253928d0000, 0x0000025393640000, 0x0000025399e10000]
CodeHeap 'profiled nmethods': size=120000Kb used=46830Kb max_used=46868Kb free=73169Kb
 bounds [0x000002538b3a0000, 0x000002538e230000, 0x00000253928d0000]
CodeHeap 'non-nmethods': size=5696Kb used=2456Kb max_used=2518Kb free=3239Kb
 bounds [0x000002538ae10000, 0x000002538b0b0000, 0x000002538b3a0000]
 total_blobs=22023 nmethods=21028 adapters=904
 compilation: enabled
              stopped_count=0, restarted_count=0
 full_count=0

Compilation events (20 events):
Event: 181.325 Thread 0x00000253a17d6000 23301       3       com.android.tools.r8.internal.Fl::a (201 bytes)
Event: 181.328 Thread 0x00000253a17c4800 nmethod 23296 0x000002539362e690 code [0x000002539362e8c0, 0x000002539362f0f0]
Event: 181.328 Thread 0x00000253a17c4800 23241       4       java.nio.HeapByteBuffer::putShort (27 bytes)
Event: 181.329 Thread 0x00000253a17c4800 nmethod 23241 0x000002539362fa10 code [0x000002539362fba0, 0x000002539362fc78]
Event: 181.329 Thread 0x00000253a17c4800 23234       4       com.android.tools.r8.dex.e::b (8 bytes)
Event: 181.330 Thread 0x00000253a17d6000 nmethod 23301 0x000002538cb93b10 code [0x000002538cb94140, 0x000002538cb97c68]
Event: 181.330 Thread 0x00000253a17c4800 nmethod 23234 0x000002539362fd90 code [0x000002539362ff20, 0x000002539362ff98]
Event: 181.330 Thread 0x00000253a17c4800 23242       4       com.android.tools.r8.dex.code.t1::a (39 bytes)
Event: 181.333 Thread 0x00000253a17c4800 nmethod 23242 0x0000025393630090 code [0x0000025393630240, 0x0000025393630338]
Event: 181.333 Thread 0x00000253a17c4800 23298       4       java.util.Arrays::sort (37 bytes)
Event: 181.481 Thread 0x00000253a17d6000 23308 %     3       com.android.tools.r8.graph.B::<init> @ 72 (114 bytes)
Event: 181.484 Thread 0x00000253a17d6000 nmethod 23308% 0x000002538b8beb10 code [0x000002538b8bef80, 0x000002538b8c16f8]
Event: 181.485 Thread 0x00000253a17d6000 23309       3       com.android.tools.r8.graph.B::<init> (114 bytes)
Event: 181.488 Thread 0x00000253a17d6000 nmethod 23309 0x000002538c963a10 code [0x000002538c963e80, 0x000002538c966558]
Event: 181.509 Thread 0x00000253a17d6000 23311       2       com.android.tools.r8.graph.R2::c (7 bytes)
Event: 181.510 Thread 0x00000253a17d6000 nmethod 23311 0x000002538cb93590 code [0x000002538cb93740, 0x000002538cb938d8]
Event: 181.510 Thread 0x00000253a17d6000 23312       2       com.android.tools.r8.graph.R2$$Lambda$2520/0x0000000101147c40::iterator (8 bytes)
Event: 181.511 Thread 0x00000253a17d6000 nmethod 23312 0x000002538c963210 code [0x000002538c963400, 0x000002538c9637c8]
Event: 181.663 Thread 0x00000253a17c4800 nmethod 23298 0x0000025393630510 code [0x0000025393630880, 0x0000025393635560]
Event: 181.664 Thread 0x00000253a17c4800 23314       4       com.android.tools.r8.naming.F$b::a (88 bytes)

GC Heap History (20 events):
Event: 175.756 GC heap after
{Heap after GC invocations=111 (full 0):
 garbage-first heap   total 368640K, used 262656K [0x0000000080000000, 0x0000000100000000)
  region size 1024K, 7 young (7168K), 7 survivors (7168K)
 Metaspace       used 127715K, capacity 131417K, committed 132944K, reserved 1165312K
  class space    used 16027K, capacity 17479K, committed 18124K, reserved 1048576K
}
Event: 176.123 GC heap before
{Heap before GC invocations=111 (full 0):
 garbage-first heap   total 368640K, used 300544K [0x0000000080000000, 0x0000000100000000)
  region size 1024K, 45 young (46080K), 7 survivors (7168K)
 Metaspace       used 127779K, capacity 131426K, committed 132944K, reserved 1165312K
  class space    used 16029K, capacity 17479K, committed 18124K, reserved 1048576K
}
Event: 176.144 GC heap after
{Heap after GC invocations=112 (full 0):
 garbage-first heap   total 368640K, used 269888K [0x0000000080000000, 0x0000000100000000)
  region size 1024K, 6 young (6144K), 6 survivors (6144K)
 Metaspace       used 127779K, capacity 131426K, committed 132944K, reserved 1165312K
  class space    used 16029K, capacity 17479K, committed 18124K, reserved 1048576K
}
Event: 176.622 GC heap before
{Heap before GC invocations=112 (full 0):
 garbage-first heap   total 368640K, used 307776K [0x0000000080000000, 0x0000000100000000)
  region size 1024K, 42 young (43008K), 6 survivors (6144K)
 Metaspace       used 127799K, capacity 131490K, committed 132944K, reserved 1165312K
  class space    used 16030K, capacity 17479K, committed 18124K, reserved 1048576K
}
Event: 176.644 GC heap after
{Heap after GC invocations=113 (full 0):
 garbage-first heap   total 368640K, used 275092K [0x0000000080000000, 0x0000000100000000)
  region size 1024K, 2 young (2048K), 2 survivors (2048K)
 Metaspace       used 127799K, capacity 131490K, committed 132944K, reserved 1165312K
  class space    used 16030K, capacity 17479K, committed 18124K, reserved 1048576K
}
Event: 177.247 GC heap before
{Heap before GC invocations=113 (full 0):
 garbage-first heap   total 368640K, used 299668K [0x0000000080000000, 0x0000000100000000)
  region size 1024K, 27 young (27648K), 2 survivors (2048K)
 Metaspace       used 127804K, capacity 131490K, committed 132944K, reserved 1165312K
  class space    used 16030K, capacity 17479K, committed 18124K, reserved 1048576K
}
Event: 177.588 GC heap after
{Heap after GC invocations=114 (full 0):
 garbage-first heap   total 368640K, used 278093K [0x0000000080000000, 0x0000000100000000)
  region size 1024K, 5 young (5120K), 5 survivors (5120K)
 Metaspace       used 127804K, capacity 131490K, committed 132944K, reserved 1165312K
  class space    used 16030K, capacity 17479K, committed 18124K, reserved 1048576K
}
Event: 178.552 GC heap before
{Heap before GC invocations=114 (full 0):
 garbage-first heap   total 368640K, used 325197K [0x0000000080000000, 0x0000000100000000)
  region size 1024K, 38 young (38912K), 5 survivors (5120K)
 Metaspace       used 127932K, capacity 131662K, committed 133200K, reserved 1165312K
  class space    used 16038K, capacity 17486K, committed 18124K, reserved 1048576K
}
Event: 178.583 GC heap after
{Heap after GC invocations=115 (full 0):
 garbage-first heap   total 368640K, used 288727K [0x0000000080000000, 0x0000000100000000)
  region size 1024K, 4 young (4096K), 4 survivors (4096K)
 Metaspace       used 127932K, capacity 131662K, committed 133200K, reserved 1165312K
  class space    used 16038K, capacity 17486K, committed 18124K, reserved 1048576K
}
Event: 180.196 GC heap before
{Heap before GC invocations=115 (full 0):
 garbage-first heap   total 368640K, used 321495K [0x0000000080000000, 0x0000000100000000)
  region size 1024K, 32 young (32768K), 4 survivors (4096K)
 Metaspace       used 128168K, capacity 131921K, committed 133200K, reserved 1165312K
  class space    used 16055K, capacity 17525K, committed 18124K, reserved 1048576K
}
Event: 180.263 GC heap after
{Heap after GC invocations=116 (full 0):
 garbage-first heap   total 368640K, used 296215K [0x0000000080000000, 0x0000000100000000)
  region size 1024K, 3 young (3072K), 3 survivors (3072K)
 Metaspace       used 128168K, capacity 131921K, committed 133200K, reserved 1165312K
  class space    used 16055K, capacity 17525K, committed 18124K, reserved 1048576K
}
Event: 180.463 GC heap before
{Heap before GC invocations=116 (full 0):
 garbage-first heap   total 368640K, used 319767K [0x0000000080000000, 0x0000000100000000)
  region size 1024K, 27 young (27648K), 3 survivors (3072K)
 Metaspace       used 128169K, capacity 131921K, committed 133200K, reserved 1165312K
  class space    used 16055K, capacity 17525K, committed 18124K, reserved 1048576K
}
Event: 180.472 GC heap after
{Heap after GC invocations=117 (full 0):
 garbage-first heap   total 368640K, used 300254K [0x0000000080000000, 0x0000000100000000)
  region size 1024K, 4 young (4096K), 4 survivors (4096K)
 Metaspace       used 128169K, capacity 131921K, committed 133200K, reserved 1165312K
  class space    used 16055K, capacity 17525K, committed 18124K, reserved 1048576K
}
Event: 181.189 GC heap before
{Heap before GC invocations=117 (full 0):
 garbage-first heap   total 368640K, used 324830K [0x0000000080000000, 0x0000000100000000)
  region size 1024K, 25 young (25600K), 4 survivors (4096K)
 Metaspace       used 128228K, capacity 131936K, committed 133200K, reserved 1165312K
  class space    used 16064K, capacity 17530K, committed 18124K, reserved 1048576K
}
Event: 181.195 GC heap after
{Heap after GC invocations=118 (full 0):
 garbage-first heap   total 368640K, used 304196K [0x0000000080000000, 0x0000000100000000)
  region size 1024K, 3 young (3072K), 3 survivors (3072K)
 Metaspace       used 128228K, capacity 131936K, committed 133200K, reserved 1165312K
  class space    used 16064K, capacity 17530K, committed 18124K, reserved 1048576K
}
Event: 181.525 GC heap before
{Heap before GC invocations=118 (full 0):
 garbage-first heap   total 368640K, used 314436K [0x0000000080000000, 0x0000000100000000)
  region size 1024K, 21 young (21504K), 3 survivors (3072K)
 Metaspace       used 128213K, capacity 131897K, committed 133200K, reserved 1165312K
  class space    used 16054K, capacity 17513K, committed 18124K, reserved 1048576K
}
Event: 181.535 GC heap after
{Heap after GC invocations=119 (full 0):
 garbage-first heap   total 368640K, used 291565K [0x0000000080000000, 0x0000000100000000)
  region size 1024K, 3 young (3072K), 3 survivors (3072K)
 Metaspace       used 128213K, capacity 131897K, committed 133200K, reserved 1165312K
  class space    used 16054K, capacity 17513K, committed 18124K, reserved 1048576K
}
Event: 181.618 GC heap before
{Heap before GC invocations=119 (full 0):
 garbage-first heap   total 368640K, used 318189K [0x0000000080000000, 0x0000000100000000)
  region size 1024K, 30 young (30720K), 3 survivors (3072K)
 Metaspace       used 128213K, capacity 131897K, committed 133200K, reserved 1165312K
  class space    used 16054K, capacity 17513K, committed 18124K, reserved 1048576K
}
Event: 181.642 GC heap after
{Heap after GC invocations=120 (full 0):
 garbage-first heap   total 368640K, used 297345K [0x0000000080000000, 0x0000000100000000)
  region size 1024K, 4 young (4096K), 4 survivors (4096K)
 Metaspace       used 128213K, capacity 131897K, committed 133200K, reserved 1165312K
  class space    used 16054K, capacity 17513K, committed 18124K, reserved 1048576K
}
Event: 181.720 GC heap before
{Heap before GC invocations=120 (full 0):
 garbage-first heap   total 368640K, used 320897K [0x0000000080000000, 0x0000000100000000)
  region size 1024K, 27 young (27648K), 4 survivors (4096K)
 Metaspace       used 128213K, capacity 131897K, committed 133200K, reserved 1165312K
  class space    used 16054K, capacity 17513K, committed 18124K, reserved 1048576K
}

Deoptimization events (20 events):
Event: 181.214 Thread 0x00000253b0bd2800 DEOPT PACKING pc=0x000002538df75c49 sp=0x000000c6bedfe7f0
Event: 181.214 Thread 0x00000253b0bd2800 DEOPT UNPACKING pc=0x000002538ae5a95e sp=0x000000c6bedfdd68 mode 0
Event: 181.270 Thread 0x00000253b0bd2800 DEOPT PACKING pc=0x000002538dfd1bfb sp=0x000000c6bedfeb70
Event: 181.270 Thread 0x00000253b0bd2800 DEOPT UNPACKING pc=0x000002538ae5a95e sp=0x000000c6bedfe028 mode 0
Event: 181.458 Thread 0x00000253b0bd0000 DEOPT PACKING pc=0x000002538bfee8b1 sp=0x000000c6beefe580
Event: 181.458 Thread 0x00000253b0bd0000 DEOPT UNPACKING pc=0x000002538ae5a95e sp=0x000000c6beefda38 mode 0
Event: 181.474 Thread 0x00000253b0bd0000 DEOPT PACKING pc=0x000002538bfee8b1 sp=0x000000c6beefe6f0
Event: 181.474 Thread 0x00000253b0bd0000 DEOPT UNPACKING pc=0x000002538ae5a95e sp=0x000000c6beefdba8 mode 0
Event: 181.488 Thread 0x00000253b0bd0000 DEOPT PACKING pc=0x000002538df5c676 sp=0x000000c6beefe760
Event: 181.488 Thread 0x00000253b0bd0000 DEOPT UNPACKING pc=0x000002538ae5a95e sp=0x000000c6beefdd48 mode 0
Event: 181.489 Thread 0x00000253b0bd0000 DEOPT PACKING pc=0x000002538bfee8b1 sp=0x000000c6beefe6f0
Event: 181.489 Thread 0x00000253b0bd0000 DEOPT UNPACKING pc=0x000002538ae5a95e sp=0x000000c6beefdba8 mode 0
Event: 181.498 Thread 0x00000253b0bd0000 DEOPT PACKING pc=0x000002538bfee8b1 sp=0x000000c6beefe580
Event: 181.498 Thread 0x00000253b0bd0000 DEOPT UNPACKING pc=0x000002538ae5a95e sp=0x000000c6beefda38 mode 0
Event: 181.506 Thread 0x00000253b0bd0000 DEOPT PACKING pc=0x000002538bfee8b1 sp=0x000000c6beefe5f0
Event: 181.506 Thread 0x00000253b0bd0000 DEOPT UNPACKING pc=0x000002538ae5a95e sp=0x000000c6beefdaa8 mode 0
Event: 181.610 Thread 0x00000253b0bd0000 DEOPT PACKING pc=0x000002538bfee8b1 sp=0x000000c6beefe7f0
Event: 181.610 Thread 0x00000253b0bd0000 DEOPT UNPACKING pc=0x000002538ae5a95e sp=0x000000c6beefdca8 mode 0
Event: 181.710 Thread 0x00000253b0bd0000 DEOPT PACKING pc=0x000002538bfee8b1 sp=0x000000c6beefe7f0
Event: 181.710 Thread 0x00000253b0bd0000 DEOPT UNPACKING pc=0x000002538ae5a95e sp=0x000000c6beefdca8 mode 0

Classes redefined (0 events):
No events

Internal exceptions (20 events):
Event: 167.078 Thread 0x00000253a30d5800 Exception <a 'java/lang/NoSuchMethodError'{0x000000008fdad110}: <clinit>> (0x000000008fdad110) thrown at [src/hotspot/share/prims/jni.cpp, line 1367]
Event: 169.889 Thread 0x00000253a84e1000 Exception <a 'sun/nio/fs/WindowsException'{0x0000000092b9e6a8}> (0x0000000092b9e6a8) thrown at [src/hotspot/share/prims/jni.cpp, line 617]
Event: 171.668 Thread 0x00000253a304d800 Exception <a 'java/lang/NoSuchMethodError'{0x000000008f94ae00}: 'void java.lang.invoke.DirectMethodHandle$Holder.invokeStatic(java.lang.Object, long)'> (0x000000008f94ae00) thrown at [src/hotspot/share/interpreter/linkResolver.cpp, line 773]
Event: 171.720 Thread 0x00000253a304d800 Exception <a 'java/lang/NoSuchMethodError'{0x000000008eee4958}: 'java.lang.Object java.lang.invoke.DirectMethodHandle$Holder.invokeStaticInit(java.lang.Object, java.lang.Object, long, java.lang.Object)'> (0x000000008eee4958) thrown at [src/hotspot/share/interpreter/linkResolver.cpp, line 773]
Event: 178.077 Thread 0x00000253a30d5800 Exception <a 'sun/nio/fs/WindowsException'{0x0000000093425fc8}> (0x0000000093425fc8) thrown at [src/hotspot/share/prims/jni.cpp, line 617]
Event: 178.077 Thread 0x00000253a30d5800 Exception <a 'sun/nio/fs/WindowsException'{0x0000000093426e80}> (0x0000000093426e80) thrown at [src/hotspot/share/prims/jni.cpp, line 617]
Event: 178.078 Thread 0x00000253a30d5800 Exception <a 'sun/nio/fs/WindowsException'{0x00000000934271f8}> (0x00000000934271f8) thrown at [src/hotspot/share/prims/jni.cpp, line 617]
Event: 178.078 Thread 0x00000253a30d5800 Exception <a 'sun/nio/fs/WindowsException'{0x0000000093428090}> (0x0000000093428090) thrown at [src/hotspot/share/prims/jni.cpp, line 617]
Event: 178.078 Thread 0x00000253a30d5800 Exception <a 'sun/nio/fs/WindowsException'{0x00000000934283d0}> (0x00000000934283d0) thrown at [src/hotspot/share/prims/jni.cpp, line 617]
Event: 178.078 Thread 0x00000253a30d5800 Exception <a 'sun/nio/fs/WindowsException'{0x0000000093429280}> (0x0000000093429280) thrown at [src/hotspot/share/prims/jni.cpp, line 617]
Event: 178.078 Thread 0x00000253a30d5800 Exception <a 'sun/nio/fs/WindowsException'{0x0000000093429560}> (0x0000000093429560) thrown at [src/hotspot/share/prims/jni.cpp, line 617]
Event: 178.078 Thread 0x00000253a30d5800 Exception <a 'sun/nio/fs/WindowsException'{0x000000009342a3e0}> (0x000000009342a3e0) thrown at [src/hotspot/share/prims/jni.cpp, line 617]
Event: 178.078 Thread 0x00000253a30d5800 Exception <a 'sun/nio/fs/WindowsException'{0x000000009342a6c0}> (0x000000009342a6c0) thrown at [src/hotspot/share/prims/jni.cpp, line 617]
Event: 178.370 Thread 0x00000253a30d5800 Exception <a 'java/lang/NoSuchMethodError'{0x0000000092794a50}: <clinit>> (0x0000000092794a50) thrown at [src/hotspot/share/prims/jni.cpp, line 1367]
Event: 178.395 Thread 0x00000253a30d5800 Exception <a 'java/lang/NoSuchMethodError'{0x00000000927d7ff8}: <clinit>> (0x00000000927d7ff8) thrown at [src/hotspot/share/prims/jni.cpp, line 1367]
Event: 178.397 Thread 0x00000253a30d5800 Exception <a 'java/lang/NoSuchMethodError'{0x00000000927fd0c0}: <clinit>> (0x00000000927fd0c0) thrown at [src/hotspot/share/prims/jni.cpp, line 1367]
Event: 178.585 Thread 0x00000253a30d2000 Exception <a 'sun/nio/fs/WindowsException'{0x0000000094b22ac0}> (0x0000000094b22ac0) thrown at [src/hotspot/share/prims/jni.cpp, line 617]
Event: 178.586 Thread 0x00000253a30d2000 Exception <a 'sun/nio/fs/WindowsException'{0x0000000094b240b0}> (0x0000000094b240b0) thrown at [src/hotspot/share/prims/jni.cpp, line 617]
Event: 181.060 Thread 0x00000253a30d6800 Exception <a 'java/lang/NoSuchMethodError'{0x0000000093bd7528}: 'int java.lang.invoke.DirectMethodHandle$Holder.invokeSpecialIFC(java.lang.Object, java.lang.Object, java.lang.Object)'> (0x0000000093bd7528) thrown at [src/hotspot/share/interpreter/linkResolver.cpp, line 773]
Event: 181.360 Thread 0x00000253b0bd2800 Exception <a 'sun/nio/fs/WindowsException'{0x00000000947e7218}> (0x00000000947e7218) thrown at [src/hotspot/share/prims/jni.cpp, line 617]

Events (20 events):
Event: 181.036 loading class com/google/common/collect/FluentIterable$3 done
Event: 181.037 loading class com/google/common/base/Absent
Event: 181.037 loading class com/google/common/base/Absent done
Event: 181.048 loading class com/google/common/collect/AbstractIterator$State
Event: 181.048 loading class com/google/common/collect/AbstractIterator$State done
Event: 181.058 loading class com/google/common/collect/AbstractIterator$1
Event: 181.058 loading class com/google/common/collect/AbstractIterator$1 done
Event: 181.061 Executing VM operation: RevokeBias
Event: 181.061 Executing VM operation: RevokeBias done
Event: 181.084 Executing VM operation: RevokeBias
Event: 181.089 Executing VM operation: RevokeBias done
Event: 181.186 Executing VM operation: G1CollectForAllocation
Event: 181.195 Executing VM operation: G1CollectForAllocation done
Event: 181.404 Executing VM operation: CGC_Operation
Event: 181.447 Executing VM operation: CGC_Operation done
Event: 181.525 Executing VM operation: G1CollectForAllocation
Event: 181.535 Executing VM operation: G1CollectForAllocation done
Event: 181.617 Executing VM operation: G1CollectForAllocation
Event: 181.642 Executing VM operation: G1CollectForAllocation done
Event: 181.714 Executing VM operation: G1CollectForAllocation


Dynamic libraries:
0x00007ff72f160000 - 0x00007ff72f16a000 	E:\JetBrains\apps\AndroidStudio\ch-0\221.6008.13.2211.9619390\jbr\bin\java.exe
0x00007ffd18ae0000 - 0x00007ffd18ccf000 	C:\Windows\SYSTEM32\ntdll.dll
0x00007ffd17510000 - 0x00007ffd175c3000 	C:\Windows\System32\KERNEL32.DLL
0x00007ffd15820000 - 0x00007ffd15abd000 	C:\Windows\System32\KERNELBASE.dll
0x00007ffd14bd0000 - 0x00007ffd14cca000 	C:\Windows\System32\ucrtbase.dll
0x00007ffd0dd40000 - 0x00007ffd0dd57000 	E:\JetBrains\apps\AndroidStudio\ch-0\221.6008.13.2211.9619390\jbr\bin\jli.dll
0x00007ffd17b20000 - 0x00007ffd17cb8000 	C:\Windows\System32\USER32.dll
0x00007ffd14bb0000 - 0x00007ffd14bd0000 	C:\Windows\System32\win32u.dll
0x00007ffcff000000 - 0x00007ffcff279000 	C:\Windows\WinSxS\amd64_microsoft.windows.common-controls_6595b64144ccf1df_6.0.17763.4252_none_de72bbc65349e77f\COMCTL32.dll
0x00007ffd180e0000 - 0x00007ffd18109000 	C:\Windows\System32\GDI32.dll
0x00007ffd14d80000 - 0x00007ffd14f20000 	C:\Windows\System32\gdi32full.dll
0x00007ffd15670000 - 0x00007ffd15710000 	C:\Windows\System32\msvcp_win.dll
0x00007ffd08fb0000 - 0x00007ffd08fcb000 	E:\JetBrains\apps\AndroidStudio\ch-0\221.6008.13.2211.9619390\jbr\bin\VCRUNTIME140.dll
0x00007ffd173b0000 - 0x00007ffd1744e000 	C:\Windows\System32\msvcrt.dll
0x00007ffd175f0000 - 0x00007ffd1791c000 	C:\Windows\System32\combase.dll
0x00007ffd189c0000 - 0x00007ffd18ade000 	C:\Windows\System32\RPCRT4.dll
0x00007ffd14cf0000 - 0x00007ffd14d72000 	C:\Windows\System32\bcryptPrimitives.dll
0x00007ffd179c0000 - 0x00007ffd179ee000 	C:\Windows\System32\IMM32.DLL
0x00007ffd0f9f0000 - 0x00007ffd0f9fc000 	E:\JetBrains\apps\AndroidStudio\ch-0\221.6008.13.2211.9619390\jbr\bin\vcruntime140_1.dll
0x00007ffcff9a0000 - 0x00007ffcffa2d000 	E:\JetBrains\apps\AndroidStudio\ch-0\221.6008.13.2211.9619390\jbr\bin\msvcp140.dll
0x00007ffcf3a30000 - 0x00007ffcf45ec000 	E:\JetBrains\apps\AndroidStudio\ch-0\221.6008.13.2211.9619390\jbr\bin\server\jvm.dll
0x00007ffd17d90000 - 0x00007ffd17e37000 	C:\Windows\System32\ADVAPI32.dll
0x00007ffd17920000 - 0x00007ffd179bf000 	C:\Windows\System32\sechost.dll
0x00007ffd15e30000 - 0x00007ffd15e38000 	C:\Windows\System32\PSAPI.DLL
0x00007ffd12c60000 - 0x00007ffd12c84000 	C:\Windows\SYSTEM32\WINMM.dll
0x00007ffd12bf0000 - 0x00007ffd12c1d000 	C:\Windows\SYSTEM32\WINMMBASE.dll
0x00007ffd10530000 - 0x00007ffd10539000 	C:\Windows\SYSTEM32\WSOCK32.dll
0x00007ffd15e40000 - 0x00007ffd15ead000 	C:\Windows\System32\WS2_32.dll
0x00007ffd15cf0000 - 0x00007ffd15d3a000 	C:\Windows\System32\cfgmgr32.dll
0x00007ffd08900000 - 0x00007ffd0890a000 	C:\Windows\SYSTEM32\VERSION.dll
0x00007ffd14ae0000 - 0x00007ffd14af1000 	C:\Windows\System32\kernel.appcore.dll
0x00007ffd06a90000 - 0x00007ffd06aa0000 	E:\JetBrains\apps\AndroidStudio\ch-0\221.6008.13.2211.9619390\jbr\bin\verify.dll
0x00007ffd04610000 - 0x00007ffd047fd000 	C:\Windows\SYSTEM32\DBGHELP.DLL
0x00007ffd059b0000 - 0x00007ffd059da000 	C:\Windows\SYSTEM32\dbgcore.DLL
0x00007ffd00c30000 - 0x00007ffd00c58000 	E:\JetBrains\apps\AndroidStudio\ch-0\221.6008.13.2211.9619390\jbr\bin\java.dll
0x00007ffd06a80000 - 0x00007ffd06a8a000 	E:\JetBrains\apps\AndroidStudio\ch-0\221.6008.13.2211.9619390\jbr\bin\jimage.dll
0x00007ffd03c90000 - 0x00007ffd03ca8000 	E:\JetBrains\apps\AndroidStudio\ch-0\221.6008.13.2211.9619390\jbr\bin\zip.dll
0x00007ffd15eb0000 - 0x00007ffd173a8000 	C:\Windows\System32\SHELL32.dll
0x00007ffd17460000 - 0x00007ffd17507000 	C:\Windows\System32\shcore.dll
0x00007ffd14f20000 - 0x00007ffd15669000 	C:\Windows\System32\windows.storage.dll
0x00007ffd14b80000 - 0x00007ffd14ba3000 	C:\Windows\System32\profapi.dll
0x00007ffd14b20000 - 0x00007ffd14b7d000 	C:\Windows\System32\powrprof.dll
0x00007ffd18270000 - 0x00007ffd182c2000 	C:\Windows\System32\shlwapi.dll
0x00007ffd14cd0000 - 0x00007ffd14ceb000 	C:\Windows\System32\cryptsp.dll
0x00007ffd02dc0000 - 0x00007ffd02dd9000 	E:\JetBrains\apps\AndroidStudio\ch-0\221.6008.13.2211.9619390\jbr\bin\net.dll
0x00007ffd0d680000 - 0x00007ffd0d77f000 	C:\Windows\SYSTEM32\WINHTTP.dll
0x00007ffd142d0000 - 0x00007ffd14337000 	C:\Windows\system32\mswsock.dll
0x00007ffd024a0000 - 0x00007ffd024b3000 	E:\JetBrains\apps\AndroidStudio\ch-0\221.6008.13.2211.9619390\jbr\bin\nio.dll
0x00007ffd0dcc0000 - 0x00007ffd0dce7000 	C:\Users\Admin\.gradle\native\e1d6ef7f7dcc3fd88c89a11ec53ec762bb8ba0a96d01ffa2cd45eb1d1d8dd5c5\windows-amd64\native-platform.dll
0x00007ffcd7640000 - 0x00007ffcd7784000 	C:\Users\Admin\.gradle\native\0d407fdbe67a94daf76414ababcb853783967236a71b16ec16e742cd7a986fd3\windows-amd64\native-platform-file-events.dll
0x00007ffd05b90000 - 0x00007ffd05b9a000 	E:\JetBrains\apps\AndroidStudio\ch-0\221.6008.13.2211.9619390\jbr\bin\management.dll
0x00007ffd05980000 - 0x00007ffd0598b000 	E:\JetBrains\apps\AndroidStudio\ch-0\221.6008.13.2211.9619390\jbr\bin\management_ext.dll
0x00007ffd13e50000 - 0x00007ffd13e83000 	C:\Windows\system32\rsaenh.dll
0x00007ffd15cc0000 - 0x00007ffd15ce6000 	C:\Windows\System32\bcrypt.dll
0x00007ffd14a10000 - 0x00007ffd14a39000 	C:\Windows\SYSTEM32\USERENV.dll
0x00007ffd144a0000 - 0x00007ffd144ac000 	C:\Windows\SYSTEM32\CRYPTBASE.dll
0x00007ffd13fe0000 - 0x00007ffd1401d000 	C:\Windows\SYSTEM32\IPHLPAPI.DLL
0x00007ffd15dc0000 - 0x00007ffd15dc8000 	C:\Windows\System32\NSI.dll
0x00007ffd0bf40000 - 0x00007ffd0bf56000 	C:\Windows\SYSTEM32\dhcpcsvc6.DLL
0x00007ffd0ebe0000 - 0x00007ffd0ebfc000 	C:\Windows\SYSTEM32\dhcpcsvc.DLL
0x00007ffd14020000 - 0x00007ffd140e6000 	C:\Windows\SYSTEM32\DNSAPI.dll
0x00007ffd013a0000 - 0x00007ffd013b6000 	C:\Windows\system32\napinsp.dll
0x00007ffd00720000 - 0x00007ffd0073a000 	C:\Windows\system32\pnrpnsp.dll
0x00007ffd04d60000 - 0x00007ffd04d6e000 	C:\Windows\System32\winrnr.dll
0x00007ffd114b0000 - 0x00007ffd114cb000 	C:\Windows\system32\NLAapi.dll
0x00007ffd00f90000 - 0x00007ffd00fa5000 	C:\Windows\system32\wshbth.dll
0x0000000062150000 - 0x0000000062176000 	C:\Program Files\Bonjour\mdnsNSP.dll
0x00007ffd0bf70000 - 0x00007ffd0bf7a000 	C:\Windows\System32\rasadhlp.dll
0x00007ffd0cda0000 - 0x00007ffd0ce19000 	C:\Windows\System32\fwpuclnt.dll
0x00007ffd13b20000 - 0x00007ffd13b51000 	C:\Windows\SYSTEM32\ntmarta.dll

dbghelp: loaded successfully - version: 4.0.5 - missing functions: none
symbol engine: initialized successfully - sym options: 0x614 - pdb path: .;E:\JetBrains\apps\AndroidStudio\ch-0\221.6008.13.2211.9619390\jbr\bin;C:\Windows\SYSTEM32;C:\Windows\WinSxS\amd64_microsoft.windows.common-controls_6595b64144ccf1df_6.0.17763.4252_none_de72bbc65349e77f;E:\JetBrains\apps\AndroidStudio\ch-0\221.6008.13.2211.9619390\jbr\bin\server;C:\Users\Admin\.gradle\native\e1d6ef7f7dcc3fd88c89a11ec53ec762bb8ba0a96d01ffa2cd45eb1d1d8dd5c5\windows-amd64;C:\Users\Admin\.gradle\native\0d407fdbe67a94daf76414ababcb853783967236a71b16ec16e742cd7a986fd3\windows-amd64;C:\Program Files\Bonjour

VM Arguments:
jvm_args: --add-opens=java.base/java.util=ALL-UNNAMED --add-opens=java.base/java.lang=ALL-UNNAMED --add-opens=java.base/java.lang.invoke=ALL-UNNAMED --add-opens=java.base/java.util=ALL-UNNAMED --add-opens=java.prefs/java.util.prefs=ALL-UNNAMED --add-opens=java.prefs/java.util.prefs=ALL-UNNAMED --add-opens=java.base/java.nio.charset=ALL-UNNAMED --add-opens=java.base/java.net=ALL-UNNAMED --add-opens=java.base/java.util.concurrent.atomic=ALL-UNNAMED -Xmx2048m -Dfile.encoding=UTF-8 -Duser.country=US -Duser.language=en -Duser.variant 
java_command: org.gradle.launcher.daemon.bootstrap.GradleDaemon 7.5
java_class_path (initial): C:\Users\Admin\.gradle\wrapper\dists\gradle-7.5-bin\f1w0cc9nuo0eivz97x2xlu9sv\gradle-7.5\lib\gradle-launcher-7.5.jar
Launcher Type: SUN_STANDARD

[Global flags]
     intx CICompilerCount                          = 3                                         {product} {ergonomic}
     uint ConcGCThreads                            = 1                                         {product} {ergonomic}
     uint G1ConcRefinementThreads                  = 4                                         {product} {ergonomic}
   size_t G1HeapRegionSize                         = 1048576                                   {product} {ergonomic}
    uintx GCDrainStackTargetSize                   = 64                                        {product} {ergonomic}
   size_t InitialHeapSize                          = 134217728                                 {product} {ergonomic}
   size_t MarkStackSize                            = 4194304                                   {product} {ergonomic}
   size_t MaxHeapSize                              = 2147483648                                {product} {command line}
   size_t MaxNewSize                               = 1287651328                                {product} {ergonomic}
   size_t MinHeapDeltaBytes                        = 1048576                                   {product} {ergonomic}
    uintx NonNMethodCodeHeapSize                   = 5830732                                {pd product} {ergonomic}
    uintx NonProfiledCodeHeapSize                  = 122913754                              {pd product} {ergonomic}
    uintx ProfiledCodeHeapSize                     = 122913754                              {pd product} {ergonomic}
    uintx ReservedCodeCacheSize                    = 251658240                              {pd product} {ergonomic}
     bool SegmentedCodeCache                       = true                                      {product} {ergonomic}
     bool UseCompressedClassPointers               = true                                 {lp64_product} {ergonomic}
     bool UseCompressedOops                        = true                                 {lp64_product} {ergonomic}
     bool UseG1GC                                  = true                                      {product} {ergonomic}
     bool UseLargePagesIndividualAllocation        = false                                  {pd product} {ergonomic}

Logging:
Log output configuration:
 #0: stdout all=warning uptime,level,tags
 #1: stderr all=off uptime,level,tags

Environment Variables:
PATH=E:\Download\OracleXE\dbhomeXE\bin;C:\Program Files\Common Files\Oracle\Java\javapath;C:\Windows\system32;C:\Windows;C:\Windows\System32\Wbem;C:\Windows\System32\WindowsPowerShell\v1.0\;C:\Program Files\7-Zip;C:\Program Files\dotnet\;C:\Program Files\Git\cmd;C:\Users\Admin\AppData\Local\Microsoft\WindowsApps;C:\Users\Admin\AppData\Local\JetBrains\Toolbox\scripts;
USERNAME=Admin
OS=Windows_NT
PROCESSOR_IDENTIFIER=Intel64 Family 6 Model 42 Stepping 7, GenuineIntel



---------------  S Y S T E M  ---------------

OS: Windows 10 , 64 bit Build 17763 (10.0.17763.4252)
OS uptime: 0 days 10:30 hours

CPU:total 4 (initial active 4) (2 cores per cpu, 2 threads per core) family 6 model 42 stepping 7 microcode 0x2f, cmov, cx8, fxsr, mmx, sse, sse2, sse3, ssse3, sse4.1, sse4.2, popcnt, avx, aes, clmul, ht, tsc, tscinvbit

Memory: 4k page, system-wide physical 8097M (96M free)
TotalPageFile size 10145M (AvailPageFile size 125M)
current process WorkingSet (physical memory assigned to process): 654M, peak: 655M
current process commit charge ("private bytes"): 763M, peak: 985M

vm_info: OpenJDK 64-Bit Server VM (11.0.15+0-b2043.56-9505619) for windows-amd64 JRE (11.0.15+0-b2043.56-9505619), built on Jan 19 2023 02:48:00 by "builduser" with unknown MS VC++:1929

END.
