#
# There is insufficient memory for the Java Runtime Environment to continue.
# Native memory allocation (mmap) failed to map 134217728 bytes for Failed to commit area from 0x0000000081600000 to 0x0000000089600000 of length 134217728.
# Possible reasons:
#   The system is out of physical RAM or swap space
#   The process is running with CompressedOops enabled, and the Java Heap may be blocking the growth of the native heap
# Possible solutions:
#   Reduce memory load on the system
#   Increase physical memory or swap space
#   Check if swap backing store is full
#   Decrease Java heap size (-Xmx/-Xms)
#   Decrease number of Java threads
#   Decrease Java thread stack sizes (-Xss)
#   Set larger code cache with -XX:ReservedCodeCacheSize=
# This output file may be truncated or incomplete.
#
#  Out of Memory Error (src/hotspot/os/windows/os_windows.cpp:3627), pid=7500, tid=3088
#
# JRE version:  (11.0.15) (build )
# Java VM: OpenJDK 64-Bit Server VM (11.0.15+0-b2043.56-9505619, mixed mode, sharing, tiered, compressed oops, g1 gc, windows-amd64)
# No core dump will be written. Minidumps are not enabled by default on client versions of Windows
#

---------------  S U M M A R Y ------------

Command Line: git4idea.http.GitAskPassApp Username for 'https://github.com': 

Host: Intel(R) Core(TM) i5-2450M CPU @ 2.50GHz, 4 cores, 7G,  Windows 10 , 64 bit Build 17763 (10.0.17763.4252)
Time: Fri May 26 22:14:18 2023 FLE Daylight Time elapsed time: 0.288479 seconds (0d 0h 0m 0s)

---------------  T H R E A D  ---------------

Current thread (0x000001aaa759b000):  JavaThread "Unknown thread" [_thread_in_vm, id=3088, stack(0x000000078da00000,0x000000078db00000)]

Stack: [0x000000078da00000,0x000000078db00000]
Native frames: (J=compiled Java code, j=interpreted, Vv=VM code, C=native code)
V  [jvm.dll+0x64135a]
V  [jvm.dll+0x7d39f9]
V  [jvm.dll+0x7d51b9]
V  [jvm.dll+0x7d58a3]
V  [jvm.dll+0x2691c5]
V  [jvm.dll+0x63e4e9]
V  [jvm.dll+0x632985]
V  [jvm.dll+0x3231ac]
V  [jvm.dll+0x323032]
V  [jvm.dll+0x327c06]
V  [jvm.dll+0x36ffa2]
V  [jvm.dll+0x36fa01]
V  [jvm.dll+0x2fea28]
V  [jvm.dll+0x2ffb25]
V  [jvm.dll+0x7accd7]
V  [jvm.dll+0x7ae49f]
V  [jvm.dll+0x37d299]
V  [jvm.dll+0x78ef9f]
V  [jvm.dll+0x3ec847]
V  [jvm.dll+0x3eed31]
C  [jli.dll+0x52cb]
C  [ucrtbase.dll+0x2268a]
C  [KERNEL32.DLL+0x17ab4]
C  [ntdll.dll+0x5a351]


---------------  P R O C E S S  ---------------

Threads class SMR info:
_java_thread_list=0x000001aaa5316a20, length=0, elements={
}

Java Threads: ( => current thread )

Other Threads:
  0x000001aaa53ee000 GCTaskThread "GC Thread#0" [stack: 0x000000078db00000,0x000000078dc00000] [id=2308]
  0x000001aaa75df800 ConcurrentGCThread "G1 Main Marker" [stack: 0x000000078dc00000,0x000000078dd00000] [id=1848]
  0x000001aaa75e1000 ConcurrentGCThread "G1 Conc#0" [stack: 0x000000078dd00000,0x000000078de00000] [id=6088]

[error occurred during error reporting (printing all threads), id 0xc0000005, EXCEPTION_ACCESS_VIOLATION (0xc0000005) at pc=0x00007ffdded8f3e7]

VM state:not at safepoint (not fully initialized)

VM Mutex/Monitor currently owned by a thread:  ([mutex/lock_event])
[0x000001aaa7597610] Heap_lock - owner thread: 0x000001aaa759b000

Heap address: 0x0000000081600000, size: 2026 MB, Compressed Oops mode: Non-zero based: 0x0000000081600000
Narrow klass base: 0x0000000000000000, Narrow klass shift: 0

GC Heap History (0 events):
No events

Deoptimization events (0 events):
No events

Classes redefined (0 events):
No events

Internal exceptions (0 events):
No events

Events (1 events):
Event: 0.148 Loaded shared library E:\JetBrains\apps\AndroidStudio\ch-0\221.6008.13.2211.9619390\jbr\bin\zip.dll


Dynamic libraries:
0x00007ff7d4150000 - 0x00007ff7d415a000 	E:\JetBrains\apps\AndroidStudio\ch-0\221.6008.13.2211.9619390\jbr\bin\java.exe
0x00007ffe0fd00000 - 0x00007ffe0feef000 	C:\Windows\SYSTEM32\ntdll.dll
0x00007ffe0f0e0000 - 0x00007ffe0f193000 	C:\Windows\System32\KERNEL32.DLL
0x00007ffe0bdf0000 - 0x00007ffe0c08d000 	C:\Windows\System32\KERNELBASE.dll
0x00007ffe0c8d0000 - 0x00007ffe0c9ca000 	C:\Windows\System32\ucrtbase.dll
0x00007ffe01b90000 - 0x00007ffe01ba7000 	E:\JetBrains\apps\AndroidStudio\ch-0\221.6008.13.2211.9619390\jbr\bin\jli.dll
0x00007ffe01440000 - 0x00007ffe0145b000 	E:\JetBrains\apps\AndroidStudio\ch-0\221.6008.13.2211.9619390\jbr\bin\VCRUNTIME140.dll
0x00007ffe0e8d0000 - 0x00007ffe0ea68000 	C:\Windows\System32\USER32.dll
0x00007ffdff780000 - 0x00007ffdff9f9000 	C:\Windows\WinSxS\amd64_microsoft.windows.common-controls_6595b64144ccf1df_6.0.17763.4252_none_de72bbc65349e77f\COMCTL32.dll
0x00007ffe0bdd0000 - 0x00007ffe0bdf0000 	C:\Windows\System32\win32u.dll
0x00007ffe0f1d0000 - 0x00007ffe0f1f9000 	C:\Windows\System32\GDI32.dll
0x00007ffe0cae0000 - 0x00007ffe0cc80000 	C:\Windows\System32\gdi32full.dll
0x00007ffe0c810000 - 0x00007ffe0c8b0000 	C:\Windows\System32\msvcp_win.dll
0x00007ffe0ea70000 - 0x00007ffe0eb0e000 	C:\Windows\System32\msvcrt.dll
0x00007ffe0e5a0000 - 0x00007ffe0e8cc000 	C:\Windows\System32\combase.dll
0x00007ffe0f6e0000 - 0x00007ffe0f7fe000 	C:\Windows\System32\RPCRT4.dll
0x00007ffe0cc80000 - 0x00007ffe0cd02000 	C:\Windows\System32\bcryptPrimitives.dll
0x00007ffe0f870000 - 0x00007ffe0f89e000 	C:\Windows\System32\IMM32.DLL
0x00007ffdffa80000 - 0x00007ffdffa8c000 	E:\JetBrains\apps\AndroidStudio\ch-0\221.6008.13.2211.9619390\jbr\bin\vcruntime140_1.dll
0x00007ffdec3e0000 - 0x00007ffdec46d000 	E:\JetBrains\apps\AndroidStudio\ch-0\221.6008.13.2211.9619390\jbr\bin\msvcp140.dll
0x00007ffddea80000 - 0x00007ffddf63c000 	E:\JetBrains\apps\AndroidStudio\ch-0\221.6008.13.2211.9619390\jbr\bin\server\jvm.dll
0x00007ffe0ef90000 - 0x00007ffe0f037000 	C:\Windows\System32\ADVAPI32.dll
0x00007ffe0f040000 - 0x00007ffe0f0df000 	C:\Windows\System32\sechost.dll
0x00007ffe0fb90000 - 0x00007ffe0fb98000 	C:\Windows\System32\PSAPI.DLL
0x00007ffe05a60000 - 0x00007ffe05a69000 	C:\Windows\SYSTEM32\WSOCK32.dll
0x00007ffe09e80000 - 0x00007ffe09ea4000 	C:\Windows\SYSTEM32\WINMM.dll
0x00007ffe01d30000 - 0x00007ffe01d3a000 	C:\Windows\SYSTEM32\VERSION.dll
0x00007ffe0cf60000 - 0x00007ffe0cfcd000 	C:\Windows\System32\WS2_32.dll
0x00007ffe09e50000 - 0x00007ffe09e7d000 	C:\Windows\SYSTEM32\winmmbase.dll
0x00007ffe0cf10000 - 0x00007ffe0cf5a000 	C:\Windows\System32\cfgmgr32.dll
0x00007ffe0bd90000 - 0x00007ffe0bda1000 	C:\Windows\System32\kernel.appcore.dll
0x00007ffe067c0000 - 0x00007ffe067d0000 	E:\JetBrains\apps\AndroidStudio\ch-0\221.6008.13.2211.9619390\jbr\bin\verify.dll
0x00007ffdf0140000 - 0x00007ffdf032d000 	C:\Windows\SYSTEM32\DBGHELP.DLL
0x00007ffdf0040000 - 0x00007ffdf006a000 	C:\Windows\SYSTEM32\dbgcore.DLL
0x00007ffe06080000 - 0x00007ffe060a8000 	E:\JetBrains\apps\AndroidStudio\ch-0\221.6008.13.2211.9619390\jbr\bin\java.dll
0x00007ffe06070000 - 0x00007ffe0607a000 	E:\JetBrains\apps\AndroidStudio\ch-0\221.6008.13.2211.9619390\jbr\bin\jimage.dll
0x00007ffe05fd0000 - 0x00007ffe05fe8000 	E:\JetBrains\apps\AndroidStudio\ch-0\221.6008.13.2211.9619390\jbr\bin\zip.dll

dbghelp: loaded successfully - version: 4.0.5 - missing functions: none
symbol engine: initialized successfully - sym options: 0x614 - pdb path: .;E:\JetBrains\apps\AndroidStudio\ch-0\221.6008.13.2211.9619390\jbr\bin;C:\Windows\SYSTEM32;C:\Windows\WinSxS\amd64_microsoft.windows.common-controls_6595b64144ccf1df_6.0.17763.4252_none_de72bbc65349e77f;E:\JetBrains\apps\AndroidStudio\ch-0\221.6008.13.2211.9619390\jbr\bin\server

VM Arguments:
java_command: git4idea.http.GitAskPassApp Username for 'https://github.com': 
java_class_path (initial): E:/JetBrains/apps/AndroidStudio/ch-0/221.6008.13.2211.9619390/plugins/git4idea/lib/git4idea-rt.jar;E:/JetBrains/apps/AndroidStudio/ch-0/221.6008.13.2211.9619390/lib/externalProcess-rt.jar;E:/JetBrains/apps/AndroidStudio/ch-0/221.6008.13.2211.9619390/lib/app.jar;E:/JetBrains/apps/AndroidStudio/ch-0/221.6008.13.2211.9619390/lib/3rd-party-rt.jar
Launcher Type: SUN_STANDARD

[Global flags]
     intx CICompilerCount                          = 3                                         {product} {ergonomic}
     uint ConcGCThreads                            = 1                                         {product} {ergonomic}
     uint G1ConcRefinementThreads                  = 4                                         {product} {ergonomic}
   size_t G1HeapRegionSize                         = 1048576                                   {product} {ergonomic}
    uintx GCDrainStackTargetSize                   = 64                                        {product} {ergonomic}
   size_t InitialHeapSize                          = 134217728                                 {product} {ergonomic}
   size_t MarkStackSize                            = 4194304                                   {product} {ergonomic}
   size_t MaxHeapSize                              = 2124414976                                {product} {ergonomic}
   size_t MinHeapDeltaBytes                        = 1048576                                   {product} {ergonomic}
    uintx NonNMethodCodeHeapSize                   = 5830732                                {pd product} {ergonomic}
    uintx NonProfiledCodeHeapSize                  = 122913754                              {pd product} {ergonomic}
    uintx ProfiledCodeHeapSize                     = 122913754                              {pd product} {ergonomic}
    uintx ReservedCodeCacheSize                    = 251658240                              {pd product} {ergonomic}
     bool SegmentedCodeCache                       = true                                      {product} {ergonomic}
     bool UseCompressedClassPointers               = true                                 {lp64_product} {ergonomic}
     bool UseCompressedOops                        = true                                 {lp64_product} {ergonomic}
     bool UseG1GC                                  = true                                      {product} {ergonomic}
     bool UseLargePagesIndividualAllocation        = false                                  {pd product} {ergonomic}

Logging:
Log output configuration:
 #0: stdout all=warning uptime,level,tags
 #1: stderr all=off uptime,level,tags

Environment Variables:
PATH=C:\Program Files\Git\mingw64\libexec\git-core;C:\Program Files\Git\mingw64\libexec\git-core;C:\Program Files\Git\mingw64\bin;C:\Program Files\Git\usr\bin;C:\Users\Admin\bin;E:\Download\OracleXE\dbhomeXE\bin;C:\Program Files\Common Files\Oracle\Java\javapath;C:\Windows\system32;C:\Windows;C:\Windows\System32\Wbem;C:\Windows\System32\WindowsPowerShell\v1.0;C:\Program Files\7-Zip;C:\Program Files\dotnet;C:\Program Files\Git\cmd;C:\Users\Admin\AppData\Local\Microsoft\WindowsApps;C:\Users\Admin\AppData\Local\JetBrains\Toolbox\scripts
USERNAME=Admin
DISPLAY=:0.0
LC_ALL=en_US.UTF-8
OS=Windows_NT
PROCESSOR_IDENTIFIER=Intel64 Family 6 Model 42 Stepping 7, GenuineIntel



---------------  S Y S T E M  ---------------

OS: Windows 10 , 64 bit Build 17763 (10.0.17763.4252)
OS uptime: 0 days 9:08 hours

CPU:total 4 (initial active 4) (2 cores per cpu, 2 threads per core) family 6 model 42 stepping 7 microcode 0x2f, cmov, cx8, fxsr, mmx, sse, sse2, sse3, ssse3, sse4.1, sse4.2, popcnt, avx, aes, clmul, ht, tsc, tscinvbit

Memory: 4k page, system-wide physical 8097M (590M free)
TotalPageFile size 10145M (AvailPageFile size 74M)
current process WorkingSet (physical memory assigned to process): 10M, peak: 10M
current process commit charge ("private bytes"): 51M, peak: 179M

vm_info: OpenJDK 64-Bit Server VM (11.0.15+0-b2043.56-9505619) for windows-amd64 JRE (11.0.15+0-b2043.56-9505619), built on Jan 19 2023 02:48:00 by "builduser" with unknown MS VC++:1929

END.
